{"/home/travis/build/npmtest/node-npmtest-calendar-tools/test.js":{"path":"/home/travis/build/npmtest/node-npmtest-calendar-tools/test.js","s":{"1":2,"2":2,"3":2,"4":2,"5":2,"6":2,"7":2,"8":1,"9":2,"10":2,"11":1,"12":1,"13":1,"14":1,"15":2,"16":2,"17":2,"18":2,"19":1,"20":1,"21":2,"22":2,"23":2,"24":1,"25":1,"26":1,"27":1,"28":1,"29":1,"30":1,"31":1,"32":1,"33":1,"34":1,"35":1,"36":1,"37":1,"38":1,"39":2,"40":2,"41":1,"42":2,"43":2,"44":1,"45":2,"46":2,"47":1,"48":2,"49":2,"50":1,"51":1,"52":1,"53":1,"54":1},"b":{"1":[2,1,1,1],"2":[1,1,1,1],"3":[1,1],"4":[1,1],"5":[1,1],"6":[1,1],"7":[1,1],"8":[1,1],"9":[1,1],"10":[1,1,1],"11":[1,1],"12":[1,1],"13":[1,1],"14":[1,1],"15":[1,1],"16":[1,1],"17":[1,1]},"f":{"1":2,"2":2,"3":2,"4":2,"5":2,"6":1,"7":1,"8":1,"9":2,"10":2,"11":2,"12":2,"13":1},"fnMap":{"1":{"name":"(anonymous_1)","line":12,"loc":{"start":{"line":12,"column":1},"end":{"line":12,"column":13}}},"2":{"name":"(anonymous_2)","line":19,"loc":{"start":{"line":19,"column":5},"end":{"line":19,"column":17}}},"3":{"name":"(anonymous_3)","line":23,"loc":{"start":{"line":23,"column":24},"end":{"line":23,"column":36}}},"4":{"name":"(anonymous_4)","line":61,"loc":{"start":{"line":61,"column":5},"end":{"line":61,"column":17}}},"5":{"name":"(anonymous_5)","line":82,"loc":{"start":{"line":82,"column":5},"end":{"line":82,"column":17}}},"6":{"name":"(anonymous_6)","line":91,"loc":{"start":{"line":91,"column":77},"end":{"line":94,"column":10}}},"7":{"name":"(anonymous_7)","line":112,"loc":{"start":{"line":112,"column":83},"end":{"line":115,"column":10}},"skip":true},"8":{"name":"(anonymous_8)","line":123,"loc":{"start":{"line":123,"column":77},"end":{"line":126,"column":10}},"skip":true},"9":{"name":"(anonymous_9)","line":139,"loc":{"start":{"line":139,"column":12},"end":{"line":139,"column":40}},"skip":true},"10":{"name":"(anonymous_10)","line":147,"loc":{"start":{"line":147,"column":77},"end":{"line":150,"column":10}},"skip":true},"11":{"name":"(anonymous_11)","line":158,"loc":{"start":{"line":158,"column":83},"end":{"line":161,"column":10}},"skip":true},"12":{"name":"(anonymous_12)","line":169,"loc":{"start":{"line":169,"column":79},"end":{"line":172,"column":10}},"skip":true},"13":{"name":"(anonymous_13)","line":180,"loc":{"start":{"line":180,"column":75},"end":{"line":183,"column":10}},"skip":true}},"statementMap":{"1":{"start":{"line":12,"column":0},"end":{"line":195,"column":5}},"2":{"start":{"line":14,"column":4},"end":{"line":14,"column":14}},"3":{"start":{"line":19,"column":4},"end":{"line":56,"column":9}},"4":{"start":{"line":21,"column":8},"end":{"line":21,"column":19}},"5":{"start":{"line":23,"column":8},"end":{"line":35,"column":13}},"6":{"start":{"line":24,"column":12},"end":{"line":34,"column":13}},"7":{"start":{"line":25,"column":16},"end":{"line":28,"column":30}},"8":{"start":{"line":30,"column":16},"end":{"line":33,"column":27}},"9":{"start":{"line":37,"column":8},"end":{"line":39,"column":21}},"10":{"start":{"line":40,"column":8},"end":{"line":53,"column":9}},"11":{"start":{"line":43,"column":12},"end":{"line":46,"column":14}},"12":{"start":{"line":47,"column":12},"end":{"line":47,"column":18}},"13":{"start":{"line":50,"column":12},"end":{"line":51,"column":33}},"14":{"start":{"line":52,"column":12},"end":{"line":52,"column":18}},"15":{"start":{"line":55,"column":8},"end":{"line":55,"column":35}},"16":{"start":{"line":61,"column":4},"end":{"line":63,"column":9}},"17":{"start":{"line":62,"column":8},"end":{"line":62,"column":15}},"18":{"start":{"line":64,"column":4},"end":{"line":77,"column":5}},"19":{"start":{"line":70,"column":8},"end":{"line":70,"column":14}},"20":{"start":{"line":76,"column":8},"end":{"line":76,"column":14}},"21":{"start":{"line":82,"column":4},"end":{"line":84,"column":9}},"22":{"start":{"line":83,"column":8},"end":{"line":83,"column":15}},"23":{"start":{"line":85,"column":4},"end":{"line":194,"column":5}},"24":{"start":{"line":91,"column":8},"end":{"line":99,"column":10}},"25":{"start":{"line":98,"column":12},"end":{"line":98,"column":35}},"26":{"start":{"line":102,"column":8},"end":{"line":104,"column":63}},"27":{"start":{"line":105,"column":8},"end":{"line":105,"column":14}},"28":{"start":{"line":112,"column":8},"end":{"line":121,"column":10},"skip":true},"29":{"start":{"line":119,"column":12},"end":{"line":119,"column":55},"skip":true},"30":{"start":{"line":120,"column":12},"end":{"line":120,"column":48},"skip":true},"31":{"start":{"line":123,"column":8},"end":{"line":136,"column":10},"skip":true},"32":{"start":{"line":130,"column":12},"end":{"line":130,"column":76},"skip":true},"33":{"start":{"line":131,"column":12},"end":{"line":131,"column":73},"skip":true},"34":{"start":{"line":132,"column":12},"end":{"line":132,"column":74},"skip":true},"35":{"start":{"line":133,"column":12},"end":{"line":133,"column":79},"skip":true},"36":{"start":{"line":134,"column":12},"end":{"line":134,"column":25},"skip":true},"37":{"start":{"line":135,"column":12},"end":{"line":135,"column":45},"skip":true},"38":{"start":{"line":138,"column":8},"end":{"line":145,"column":14},"skip":true},"39":{"start":{"line":143,"column":16},"end":{"line":143,"column":29},"skip":true},"40":{"start":{"line":144,"column":16},"end":{"line":144,"column":55},"skip":true},"41":{"start":{"line":147,"column":8},"end":{"line":156,"column":10},"skip":true},"42":{"start":{"line":154,"column":12},"end":{"line":154,"column":25},"skip":true},"43":{"start":{"line":155,"column":12},"end":{"line":155,"column":45},"skip":true},"44":{"start":{"line":158,"column":8},"end":{"line":167,"column":10},"skip":true},"45":{"start":{"line":165,"column":12},"end":{"line":165,"column":25},"skip":true},"46":{"start":{"line":166,"column":12},"end":{"line":166,"column":48},"skip":true},"47":{"start":{"line":169,"column":8},"end":{"line":178,"column":10},"skip":true},"48":{"start":{"line":176,"column":12},"end":{"line":176,"column":25},"skip":true},"49":{"start":{"line":177,"column":12},"end":{"line":177,"column":46},"skip":true},"50":{"start":{"line":180,"column":8},"end":{"line":189,"column":10},"skip":true},"51":{"start":{"line":187,"column":12},"end":{"line":187,"column":94},"skip":true},"52":{"start":{"line":188,"column":12},"end":{"line":188,"column":48},"skip":true},"53":{"start":{"line":192,"column":8},"end":{"line":192,"column":35},"skip":true},"54":{"start":{"line":193,"column":8},"end":{"line":193,"column":14},"skip":true}},"branchMap":{"1":{"line":25,"type":"binary-expr","locations":[{"start":{"line":25,"column":23},"end":{"line":25,"column":62}},{"start":{"line":26,"column":20},"end":{"line":26,"column":70}},{"start":{"line":27,"column":20},"end":{"line":27,"column":71}},{"start":{"line":28,"column":20},"end":{"line":28,"column":29}}]},"2":{"line":30,"type":"binary-expr","locations":[{"start":{"line":30,"column":23},"end":{"line":30,"column":37}},{"start":{"line":31,"column":20},"end":{"line":31,"column":61}},{"start":{"line":32,"column":20},"end":{"line":32,"column":70}},{"start":{"line":33,"column":20},"end":{"line":33,"column":26}}]},"3":{"line":37,"type":"cond-expr","locations":[{"start":{"line":38,"column":14},"end":{"line":38,"column":20}},{"start":{"line":39,"column":14},"end":{"line":39,"column":20}}]},"4":{"line":40,"type":"switch","locations":[{"start":{"line":42,"column":8},"end":{"line":47,"column":18}},{"start":{"line":49,"column":8},"end":{"line":52,"column":18}}]},"5":{"line":44,"type":"binary-expr","locations":[{"start":{"line":44,"column":16},"end":{"line":44,"column":44}},{"start":{"line":44,"column":48},"end":{"line":44,"column":66}}]},"6":{"line":50,"type":"binary-expr","locations":[{"start":{"line":50,"column":21},"end":{"line":50,"column":49}},{"start":{"line":50,"column":53},"end":{"line":50,"column":72}}]},"7":{"line":64,"type":"switch","locations":[{"start":{"line":69,"column":4},"end":{"line":70,"column":14}},{"start":{"line":75,"column":4},"end":{"line":76,"column":14}}]},"8":{"line":85,"type":"switch","locations":[{"start":{"line":90,"column":4},"end":{"line":105,"column":14}},{"start":{"line":111,"column":4},"end":{"line":193,"column":14},"skip":true}]},"9":{"line":91,"type":"binary-expr","locations":[{"start":{"line":91,"column":42},"end":{"line":91,"column":73}},{"start":{"line":91,"column":77},"end":{"line":99,"column":9}}]},"10":{"line":102,"type":"binary-expr","locations":[{"start":{"line":102,"column":18},"end":{"line":102,"column":32}},{"start":{"line":103,"column":12},"end":{"line":103,"column":53}},{"start":{"line":104,"column":12},"end":{"line":104,"column":61}}]},"11":{"line":112,"type":"binary-expr","locations":[{"start":{"line":112,"column":45},"end":{"line":112,"column":79},"skip":true},{"start":{"line":112,"column":83},"end":{"line":121,"column":9},"skip":true}]},"12":{"line":123,"type":"binary-expr","locations":[{"start":{"line":123,"column":42},"end":{"line":123,"column":73},"skip":true},{"start":{"line":123,"column":77},"end":{"line":136,"column":9},"skip":true}]},"13":{"line":138,"type":"binary-expr","locations":[{"start":{"line":138,"column":48},"end":{"line":138,"column":85},"skip":true},{"start":{"line":139,"column":12},"end":{"line":145,"column":13},"skip":true}]},"14":{"line":147,"type":"binary-expr","locations":[{"start":{"line":147,"column":42},"end":{"line":147,"column":73},"skip":true},{"start":{"line":147,"column":77},"end":{"line":156,"column":9},"skip":true}]},"15":{"line":158,"type":"binary-expr","locations":[{"start":{"line":158,"column":45},"end":{"line":158,"column":79},"skip":true},{"start":{"line":158,"column":83},"end":{"line":167,"column":9},"skip":true}]},"16":{"line":169,"type":"binary-expr","locations":[{"start":{"line":169,"column":43},"end":{"line":169,"column":75},"skip":true},{"start":{"line":169,"column":79},"end":{"line":178,"column":9},"skip":true}]},"17":{"line":180,"type":"binary-expr","locations":[{"start":{"line":180,"column":41},"end":{"line":180,"column":71},"skip":true},{"start":{"line":180,"column":75},"end":{"line":189,"column":9},"skip":true}]}},"code":["/* istanbul instrument in package npmtest_calendar_tools */","/*jslint","    bitwise: true,","    browser: true,","    maxerr: 8,","    maxlen: 96,","    node: true,","    nomen: true,","    regexp: true,","    stupid: true","*/","(function () {","    'use strict';","    var local;","","","","    // run shared js-env code - pre-init","    (function () {","        // init local","        local = {};","        // init modeJs","        local.modeJs = (function () {","            try {","                return typeof navigator.userAgent === 'string' &&","                    typeof document.querySelector('body') === 'object' &&","                    typeof XMLHttpRequest.prototype.open === 'function' &&","                    'browser';","            } catch (errorCaughtBrowser) {","                return module.exports &&","                    typeof process.versions.node === 'string' &&","                    typeof require('http').createServer === 'function' &&","                    'node';","            }","        }());","        // init global","        local.global = local.modeJs === 'browser'","            ? window","            : global;","        switch (local.modeJs) {","        // re-init local from window.local","        case 'browser':","            local = local.global.utility2.objectSetDefault(","                local.global.utility2_rollup || local.global.local,","                local.global.utility2","            );","            break;","        // re-init local from example.js","        case 'node':","            local = (local.global.utility2_rollup || require('utility2'))","                .requireReadme();","            break;","        }","        // export local","        local.global.local = local;","    }());","","","","    // run shared js-env code - function","    (function () {","        return;","    }());","    switch (local.modeJs) {","","","","    // run browser js-env code - function","    case 'browser':","        break;","","","","    // run node js-env code - function","    case 'node':","        break;","    }","","","","    // run shared js-env code - post-init","    (function () {","        return;","    }());","    switch (local.modeJs) {","","","","    // run browser js-env code - post-init","    case 'browser':","        local.testCase_browser_nullCase = local.testCase_browser_nullCase || function (","            options,","            onError","        ) {","        /*","         * this function will test browsers's null-case handling-behavior-behavior","         */","            onError(null, options);","        };","","        // run tests","        local.nop(local.modeTest &&","            document.querySelector('#testRunButton1') &&","            document.querySelector('#testRunButton1').click());","        break;","","","","    // run node js-env code - post-init","    /* istanbul ignore next */","    case 'node':","        local.testCase_buildApidoc_default = local.testCase_buildApidoc_default || function (","            options,","            onError","        ) {","        /*","         * this function will test buildApidoc's default handling-behavior-behavior","         */","            options = { modulePathList: module.paths };","            local.buildApidoc(options, onError);","        };","","        local.testCase_buildApp_default = local.testCase_buildApp_default || function (","            options,","            onError","        ) {","        /*","         * this function will test buildApp's default handling-behavior-behavior","         */","            local.testCase_buildReadme_default(options, local.onErrorThrow);","            local.testCase_buildLib_default(options, local.onErrorThrow);","            local.testCase_buildTest_default(options, local.onErrorThrow);","            local.testCase_buildCustomOrg_default(options, local.onErrorThrow);","            options = [];","            local.buildApp(options, onError);","        };","","        local.testCase_buildCustomOrg_default = local.testCase_buildCustomOrg_default ||","            function (options, onError) {","            /*","             * this function will test buildCustomOrg's default handling-behavior","             */","                options = {};","                local.buildCustomOrg(options, onError);","            };","","        local.testCase_buildLib_default = local.testCase_buildLib_default || function (","            options,","            onError","        ) {","        /*","         * this function will test buildLib's default handling-behavior","         */","            options = {};","            local.buildLib(options, onError);","        };","","        local.testCase_buildReadme_default = local.testCase_buildReadme_default || function (","            options,","            onError","        ) {","        /*","         * this function will test buildReadme's default handling-behavior-behavior","         */","            options = {};","            local.buildReadme(options, onError);","        };","","        local.testCase_buildTest_default = local.testCase_buildTest_default || function (","            options,","            onError","        ) {","        /*","         * this function will test buildTest's default handling-behavior","         */","            options = {};","            local.buildTest(options, onError);","        };","","        local.testCase_webpage_default = local.testCase_webpage_default || function (","            options,","            onError","        ) {","        /*","         * this function will test webpage's default handling-behavior","         */","            options = { modeCoverageMerge: true, url: local.serverLocalHost + '?modeTest=1' };","            local.browserTest(options, onError);","        };","","        // run test-server","        local.testRunServer(local);","        break;","    }","}());",""],"l":{"12":2,"14":2,"19":2,"21":2,"23":2,"24":2,"25":2,"30":1,"37":2,"40":2,"43":1,"47":1,"50":1,"52":1,"55":2,"61":2,"62":2,"64":2,"70":1,"76":1,"82":2,"83":2,"85":2,"91":1,"98":1,"102":1,"105":1,"112":1,"119":1,"120":1,"123":1,"130":1,"131":1,"132":1,"133":1,"134":1,"135":1,"138":1,"143":2,"144":2,"147":1,"154":2,"155":2,"158":1,"165":2,"166":2,"169":1,"176":2,"177":2,"180":1,"187":1,"188":1,"192":1,"193":1}},"/home/travis/build/npmtest/node-npmtest-calendar-tools/lib.npmtest_calendar_tools.js":{"path":"/home/travis/build/npmtest/node-npmtest-calendar-tools/lib.npmtest_calendar_tools.js","s":{"1":2,"2":2,"3":2,"4":2,"5":2,"6":2,"7":2,"8":1,"9":2,"10":2,"11":2,"12":2,"13":1,"14":1,"15":1,"16":1},"b":{"1":[2,1,1,1],"2":[1,1,1,1],"3":[1,1],"4":[2,2],"5":[1,1]},"f":{"1":2,"2":2,"3":2},"fnMap":{"1":{"name":"(anonymous_1)","line":12,"loc":{"start":{"line":12,"column":1},"end":{"line":12,"column":13}}},"2":{"name":"(anonymous_2)","line":19,"loc":{"start":{"line":19,"column":5},"end":{"line":19,"column":17}}},"3":{"name":"(anonymous_3)","line":23,"loc":{"start":{"line":23,"column":24},"end":{"line":23,"column":36}}}},"statementMap":{"1":{"start":{"line":12,"column":0},"end":{"line":53,"column":5}},"2":{"start":{"line":14,"column":4},"end":{"line":14,"column":14}},"3":{"start":{"line":19,"column":4},"end":{"line":52,"column":9}},"4":{"start":{"line":21,"column":8},"end":{"line":21,"column":19}},"5":{"start":{"line":23,"column":8},"end":{"line":35,"column":13}},"6":{"start":{"line":24,"column":12},"end":{"line":34,"column":13}},"7":{"start":{"line":25,"column":16},"end":{"line":28,"column":30}},"8":{"start":{"line":30,"column":16},"end":{"line":33,"column":27}},"9":{"start":{"line":37,"column":8},"end":{"line":39,"column":21}},"10":{"start":{"line":41,"column":8},"end":{"line":41,"column":54}},"11":{"start":{"line":43,"column":8},"end":{"line":43,"column":59}},"12":{"start":{"line":45,"column":8},"end":{"line":51,"column":9}},"13":{"start":{"line":46,"column":12},"end":{"line":46,"column":65}},"14":{"start":{"line":48,"column":12},"end":{"line":48,"column":35}},"15":{"start":{"line":49,"column":12},"end":{"line":49,"column":49}},"16":{"start":{"line":50,"column":12},"end":{"line":50,"column":43}}},"branchMap":{"1":{"line":25,"type":"binary-expr","locations":[{"start":{"line":25,"column":23},"end":{"line":25,"column":62}},{"start":{"line":26,"column":20},"end":{"line":26,"column":70}},{"start":{"line":27,"column":20},"end":{"line":27,"column":71}},{"start":{"line":28,"column":20},"end":{"line":28,"column":29}}]},"2":{"line":30,"type":"binary-expr","locations":[{"start":{"line":30,"column":23},"end":{"line":30,"column":37}},{"start":{"line":31,"column":20},"end":{"line":31,"column":61}},{"start":{"line":32,"column":20},"end":{"line":32,"column":70}},{"start":{"line":33,"column":20},"end":{"line":33,"column":26}}]},"3":{"line":37,"type":"cond-expr","locations":[{"start":{"line":38,"column":14},"end":{"line":38,"column":20}},{"start":{"line":39,"column":14},"end":{"line":39,"column":20}}]},"4":{"line":41,"type":"binary-expr","locations":[{"start":{"line":41,"column":16},"end":{"line":41,"column":44}},{"start":{"line":41,"column":48},"end":{"line":41,"column":53}}]},"5":{"line":45,"type":"if","locations":[{"start":{"line":45,"column":8},"end":{"line":45,"column":8}},{"start":{"line":45,"column":8},"end":{"line":45,"column":8}}]}},"code":["/* istanbul instrument in package npmtest_calendar_tools */","/*jslint","    bitwise: true,","    browser: true,","    maxerr: 8,","    maxlen: 96,","    node: true,","    nomen: true,","    regexp: true,","    stupid: true","*/","(function () {","    'use strict';","    var local;","","","","    // run shared js-env code - pre-init","    (function () {","        // init local","        local = {};","        // init modeJs","        local.modeJs = (function () {","            try {","                return typeof navigator.userAgent === 'string' &&","                    typeof document.querySelector('body') === 'object' &&","                    typeof XMLHttpRequest.prototype.open === 'function' &&","                    'browser';","            } catch (errorCaughtBrowser) {","                return module.exports &&","                    typeof process.versions.node === 'string' &&","                    typeof require('http').createServer === 'function' &&","                    'node';","            }","        }());","        // init global","        local.global = local.modeJs === 'browser'","            ? window","            : global;","        // init utility2_rollup","        local = local.global.utility2_rollup || local;","        // init lib","        local.local = local.npmtest_calendar_tools = local;","        // init exports","        if (local.modeJs === 'browser') {","            local.global.utility2_npmtest_calendar_tools = local;","        } else {","            module.exports = local;","            module.exports.__dirname = __dirname;","            module.exports.module = module;","        }","    }());","}());",""],"l":{"12":2,"14":2,"19":2,"21":2,"23":2,"24":2,"25":2,"30":1,"37":2,"41":2,"43":2,"45":2,"46":1,"48":1,"49":1,"50":1}},"/home/travis/build/npmtest/node-npmtest-calendar-tools/example.js":{"path":"/home/travis/build/npmtest/node-npmtest-calendar-tools/example.js","s":{"1":2,"2":2,"3":2,"4":2,"5":2,"6":2,"7":2,"8":1,"9":2,"10":2,"11":2,"12":2,"13":1,"14":2,"15":2,"16":2,"17":2,"18":2,"19":0,"20":2,"21":1,"22":1,"23":1,"24":1,"25":1,"26":0,"27":0,"28":1,"29":1,"30":2,"31":0,"32":0,"33":0,"34":1,"35":2,"36":2,"37":3,"38":3,"39":3,"40":3,"41":0,"42":3,"43":3,"44":3,"45":1,"46":3,"47":1,"48":1,"49":1,"50":1,"51":1,"52":1,"53":1,"54":1,"55":1,"56":1,"57":0,"58":1,"59":6,"60":6,"61":1,"62":2,"63":0,"64":2,"65":1,"66":1,"67":0,"68":0,"69":0,"70":0,"71":0,"72":0,"73":0,"74":0,"75":0,"76":0,"77":0,"78":0,"79":0,"80":0,"81":0,"82":0,"83":0},"b":{"1":[2,1,1,1],"2":[1,1,1,1],"3":[1,1],"4":[2,2],"5":[1,1],"6":[1,1],"7":[2,0],"8":[2,1,1,1,1,1],"9":[0,2,0],"10":[1,1],"11":[2,1,1],"12":[1,0],"13":[0,2],"14":[2,0,0,0,0,0,0],"15":[0,3],"16":[3,0],"17":[1,1],"18":[0,1],"19":[1,2,0,2],"20":[1,0],"21":[1,1],"22":[0,0],"23":[0,0],"24":[0,0],"25":[0,0],"26":[0,0],"27":[0,0],"28":[0,0]},"f":{"1":2,"2":2,"3":2,"4":2,"5":2,"6":2,"7":3,"8":3,"9":3,"10":1,"11":6,"12":0},"fnMap":{"1":{"name":"(anonymous_1)","line":26,"loc":{"start":{"line":26,"column":1},"end":{"line":26,"column":13}}},"2":{"name":"(anonymous_2)","line":33,"loc":{"start":{"line":33,"column":5},"end":{"line":33,"column":17}}},"3":{"name":"(anonymous_3)","line":37,"loc":{"start":{"line":37,"column":24},"end":{"line":37,"column":36}}},"4":{"name":"(anonymous_4)","line":69,"loc":{"start":{"line":69,"column":31},"end":{"line":69,"column":48}},"skip":true},"5":{"name":"(anonymous_5)","line":78,"loc":{"start":{"line":78,"column":26},"end":{"line":78,"column":45}},"skip":true},"6":{"name":"(anonymous_6)","line":123,"loc":{"start":{"line":123,"column":33},"end":{"line":123,"column":48}},"skip":true},"7":{"name":"(anonymous_7)","line":125,"loc":{"start":{"line":125,"column":27},"end":{"line":125,"column":39}},"skip":true},"8":{"name":"(anonymous_8)","line":133,"loc":{"start":{"line":133,"column":59},"end":{"line":133,"column":74}},"skip":true},"9":{"name":"(anonymous_9)","line":143,"loc":{"start":{"line":143,"column":45},"end":{"line":143,"column":62}},"skip":true},"10":{"name":"(anonymous_10)","line":144,"loc":{"start":{"line":144,"column":73},"end":{"line":144,"column":92}},"skip":true},"11":{"name":"(anonymous_11)","line":272,"loc":{"start":{"line":272,"column":51},"end":{"line":272,"column":77}},"skip":true},"12":{"name":"(anonymous_12)","line":315,"loc":{"start":{"line":315,"column":32},"end":{"line":315,"column":61}},"skip":true}},"statementMap":{"1":{"start":{"line":26,"column":0},"end":{"line":326,"column":5}},"2":{"start":{"line":28,"column":4},"end":{"line":28,"column":14}},"3":{"start":{"line":33,"column":4},"end":{"line":60,"column":9}},"4":{"start":{"line":35,"column":8},"end":{"line":35,"column":19}},"5":{"start":{"line":37,"column":8},"end":{"line":49,"column":13}},"6":{"start":{"line":38,"column":12},"end":{"line":48,"column":13}},"7":{"start":{"line":39,"column":16},"end":{"line":42,"column":30}},"8":{"start":{"line":44,"column":16},"end":{"line":47,"column":27}},"9":{"start":{"line":51,"column":8},"end":{"line":53,"column":21}},"10":{"start":{"line":55,"column":8},"end":{"line":57,"column":45}},"11":{"start":{"line":59,"column":8},"end":{"line":59,"column":35}},"12":{"start":{"line":61,"column":4},"end":{"line":325,"column":5}},"13":{"start":{"line":69,"column":8},"end":{"line":121,"column":10},"skip":true},"14":{"start":{"line":70,"column":12},"end":{"line":88,"column":13},"skip":true},"15":{"start":{"line":76,"column":16},"end":{"line":87,"column":19},"skip":true},"16":{"start":{"line":79,"column":20},"end":{"line":86,"column":21},"skip":true},"17":{"start":{"line":82,"column":24},"end":{"line":82,"column":43},"skip":true},"18":{"start":{"line":83,"column":24},"end":{"line":83,"column":30},"skip":true},"19":{"start":{"line":85,"column":24},"end":{"line":85,"column":49},"skip":true},"20":{"start":{"line":89,"column":12},"end":{"line":107,"column":13},"skip":true},"21":{"start":{"line":92,"column":16},"end":{"line":102,"column":17},"skip":true},"22":{"start":{"line":93,"column":20},"end":{"line":93,"column":86},"skip":true},"23":{"start":{"line":94,"column":20},"end":{"line":95,"column":45},"skip":true},"24":{"start":{"line":96,"column":20},"end":{"line":96,"column":42},"skip":true},"25":{"start":{"line":97,"column":20},"end":{"line":97,"column":48},"skip":true},"26":{"start":{"line":100,"column":20},"end":{"line":100,"column":85},"skip":true},"27":{"start":{"line":101,"column":20},"end":{"line":101,"column":96},"skip":true},"28":{"start":{"line":103,"column":16},"end":{"line":103,"column":22},"skip":true},"29":{"start":{"line":106,"column":16},"end":{"line":106,"column":22},"skip":true},"30":{"start":{"line":108,"column":12},"end":{"line":120,"column":13},"skip":true},"31":{"start":{"line":114,"column":16},"end":{"line":119,"column":17},"skip":true},"32":{"start":{"line":116,"column":20},"end":{"line":116,"column":78},"skip":true},"33":{"start":{"line":118,"column":20},"end":{"line":118,"column":47},"skip":true},"34":{"start":{"line":123,"column":8},"end":{"line":141,"column":11},"skip":true},"35":{"start":{"line":124,"column":12},"end":{"line":124,"column":54},"skip":true},"36":{"start":{"line":125,"column":12},"end":{"line":140,"column":14},"skip":true},"37":{"start":{"line":126,"column":16},"end":{"line":126,"column":28},"skip":true},"38":{"start":{"line":127,"column":16},"end":{"line":127,"column":69},"skip":true},"39":{"start":{"line":128,"column":16},"end":{"line":128,"column":75},"skip":true},"40":{"start":{"line":129,"column":16},"end":{"line":131,"column":17},"skip":true},"41":{"start":{"line":130,"column":20},"end":{"line":130,"column":27},"skip":true},"42":{"start":{"line":133,"column":16},"end":{"line":137,"column":36},"skip":true},"43":{"start":{"line":134,"column":20},"end":{"line":136,"column":55},"skip":true},"44":{"start":{"line":139,"column":16},"end":{"line":139,"column":57},"skip":true},"45":{"start":{"line":143,"column":8},"end":{"line":147,"column":11},"skip":true},"46":{"start":{"line":144,"column":12},"end":{"line":146,"column":15},"skip":true},"47":{"start":{"line":145,"column":16},"end":{"line":145,"column":70},"skip":true},"48":{"start":{"line":149,"column":8},"end":{"line":149,"column":31},"skip":true},"49":{"start":{"line":150,"column":8},"end":{"line":150,"column":14},"skip":true},"50":{"start":{"line":158,"column":8},"end":{"line":158,"column":31},"skip":true},"51":{"start":{"line":160,"column":8},"end":{"line":160,"column":33},"skip":true},"52":{"start":{"line":161,"column":8},"end":{"line":161,"column":37},"skip":true},"53":{"start":{"line":162,"column":8},"end":{"line":162,"column":35},"skip":true},"54":{"start":{"line":164,"column":8},"end":{"line":164,"column":50},"skip":true},"55":{"start":{"line":166,"column":8},"end":{"line":256,"column":2},"skip":true},"56":{"start":{"line":258,"column":8},"end":{"line":286,"column":9},"skip":true},"57":{"start":{"line":259,"column":12},"end":{"line":269,"column":14},"skip":true},"58":{"start":{"line":271,"column":12},"end":{"line":285,"column":19},"skip":true},"59":{"start":{"line":274,"column":20},"end":{"line":274,"column":35},"skip":true},"60":{"start":{"line":275,"column":20},"end":{"line":284,"column":21},"skip":true},"61":{"start":{"line":277,"column":24},"end":{"line":277,"column":64},"skip":true},"62":{"start":{"line":279,"column":24},"end":{"line":279,"column":40},"skip":true},"63":{"start":{"line":281,"column":24},"end":{"line":281,"column":40},"skip":true},"64":{"start":{"line":283,"column":24},"end":{"line":283,"column":39},"skip":true},"65":{"start":{"line":288,"column":8},"end":{"line":290,"column":9},"skip":true},"66":{"start":{"line":289,"column":12},"end":{"line":289,"column":18},"skip":true},"67":{"start":{"line":291,"column":8},"end":{"line":293,"column":54},"skip":true},"68":{"start":{"line":296,"column":8},"end":{"line":301,"column":37},"skip":true},"69":{"start":{"line":303,"column":8},"end":{"line":303,"column":82},"skip":true},"70":{"start":{"line":306,"column":8},"end":{"line":308,"column":9},"skip":true},"71":{"start":{"line":307,"column":12},"end":{"line":307,"column":82},"skip":true},"72":{"start":{"line":310,"column":8},"end":{"line":312,"column":9},"skip":true},"73":{"start":{"line":311,"column":12},"end":{"line":311,"column":18},"skip":true},"74":{"start":{"line":313,"column":8},"end":{"line":313,"column":54},"skip":true},"75":{"start":{"line":314,"column":8},"end":{"line":314,"column":69},"skip":true},"76":{"start":{"line":315,"column":8},"end":{"line":323,"column":36},"skip":true},"77":{"start":{"line":316,"column":12},"end":{"line":316,"column":61},"skip":true},"78":{"start":{"line":317,"column":12},"end":{"line":320,"column":13},"skip":true},"79":{"start":{"line":318,"column":16},"end":{"line":318,"column":75},"skip":true},"80":{"start":{"line":319,"column":16},"end":{"line":319,"column":23},"skip":true},"81":{"start":{"line":321,"column":12},"end":{"line":321,"column":38},"skip":true},"82":{"start":{"line":322,"column":12},"end":{"line":322,"column":27},"skip":true},"83":{"start":{"line":324,"column":8},"end":{"line":324,"column":14},"skip":true}},"branchMap":{"1":{"line":39,"type":"binary-expr","locations":[{"start":{"line":39,"column":23},"end":{"line":39,"column":62}},{"start":{"line":40,"column":20},"end":{"line":40,"column":70}},{"start":{"line":41,"column":20},"end":{"line":41,"column":71}},{"start":{"line":42,"column":20},"end":{"line":42,"column":29}}]},"2":{"line":44,"type":"binary-expr","locations":[{"start":{"line":44,"column":23},"end":{"line":44,"column":37}},{"start":{"line":45,"column":20},"end":{"line":45,"column":61}},{"start":{"line":46,"column":20},"end":{"line":46,"column":70}},{"start":{"line":47,"column":20},"end":{"line":47,"column":26}}]},"3":{"line":51,"type":"cond-expr","locations":[{"start":{"line":52,"column":14},"end":{"line":52,"column":20}},{"start":{"line":53,"column":14},"end":{"line":53,"column":20}}]},"4":{"line":55,"type":"binary-expr","locations":[{"start":{"line":55,"column":16},"end":{"line":55,"column":44}},{"start":{"line":55,"column":49},"end":{"line":57,"column":43}}]},"5":{"line":55,"type":"cond-expr","locations":[{"start":{"line":56,"column":14},"end":{"line":56,"column":58}},{"start":{"line":57,"column":14},"end":{"line":57,"column":43}}]},"6":{"line":61,"type":"switch","locations":[{"start":{"line":68,"column":4},"end":{"line":150,"column":14},"skip":true},{"start":{"line":156,"column":4},"end":{"line":324,"column":14},"skip":true}]},"7":{"line":70,"type":"if","locations":[{"start":{"line":70,"column":12},"end":{"line":70,"column":12},"skip":true},{"start":{"line":70,"column":12},"end":{"line":70,"column":12},"skip":true}]},"8":{"line":70,"type":"binary-expr","locations":[{"start":{"line":70,"column":16},"end":{"line":70,"column":22},"skip":true},{"start":{"line":70,"column":27},"end":{"line":70,"column":32},"skip":true},{"start":{"line":71,"column":20},"end":{"line":71,"column":39},"skip":true},{"start":{"line":72,"column":20},"end":{"line":72,"column":49},"skip":true},{"start":{"line":73,"column":20},"end":{"line":73,"column":58},"skip":true},{"start":{"line":74,"column":20},"end":{"line":74,"column":69},"skip":true}]},"9":{"line":79,"type":"switch","locations":[{"start":{"line":80,"column":20},"end":{"line":80,"column":33},"skip":true},{"start":{"line":81,"column":20},"end":{"line":83,"column":30},"skip":true},{"start":{"line":84,"column":20},"end":{"line":85,"column":49},"skip":true}]},"10":{"line":89,"type":"switch","locations":[{"start":{"line":90,"column":12},"end":{"line":103,"column":22},"skip":true},{"start":{"line":105,"column":12},"end":{"line":106,"column":22},"skip":true}]},"11":{"line":89,"type":"binary-expr","locations":[{"start":{"line":89,"column":20},"end":{"line":89,"column":25},"skip":true},{"start":{"line":89,"column":29},"end":{"line":89,"column":48},"skip":true},{"start":{"line":89,"column":52},"end":{"line":89,"column":74},"skip":true}]},"12":{"line":92,"type":"if","locations":[{"start":{"line":92,"column":16},"end":{"line":92,"column":16},"skip":true},{"start":{"line":92,"column":16},"end":{"line":92,"column":16},"skip":true}]},"13":{"line":108,"type":"if","locations":[{"start":{"line":108,"column":12},"end":{"line":108,"column":12},"skip":true},{"start":{"line":108,"column":12},"end":{"line":108,"column":12},"skip":true}]},"14":{"line":108,"type":"binary-expr","locations":[{"start":{"line":108,"column":16},"end":{"line":108,"column":61},"skip":true},{"start":{"line":108,"column":66},"end":{"line":108,"column":72},"skip":true},{"start":{"line":108,"column":77},"end":{"line":108,"column":82},"skip":true},{"start":{"line":109,"column":20},"end":{"line":109,"column":39},"skip":true},{"start":{"line":110,"column":20},"end":{"line":110,"column":49},"skip":true},{"start":{"line":111,"column":20},"end":{"line":111,"column":58},"skip":true},{"start":{"line":112,"column":20},"end":{"line":112,"column":68},"skip":true}]},"15":{"line":129,"type":"if","locations":[{"start":{"line":129,"column":16},"end":{"line":129,"column":16},"skip":true},{"start":{"line":129,"column":16},"end":{"line":129,"column":16},"skip":true}]},"16":{"line":134,"type":"cond-expr","locations":[{"start":{"line":135,"column":26},"end":{"line":135,"column":29},"skip":true},{"start":{"line":136,"column":26},"end":{"line":136,"column":54},"skip":true}]},"17":{"line":164,"type":"binary-expr","locations":[{"start":{"line":164,"column":27},"end":{"line":164,"column":43},"skip":true},{"start":{"line":164,"column":47},"end":{"line":164,"column":49},"skip":true}]},"18":{"line":258,"type":"if","locations":[{"start":{"line":258,"column":8},"end":{"line":258,"column":8},"skip":true},{"start":{"line":258,"column":8},"end":{"line":258,"column":8},"skip":true}]},"19":{"line":275,"type":"switch","locations":[{"start":{"line":276,"column":20},"end":{"line":277,"column":64},"skip":true},{"start":{"line":278,"column":20},"end":{"line":279,"column":40},"skip":true},{"start":{"line":280,"column":20},"end":{"line":281,"column":40},"skip":true},{"start":{"line":282,"column":20},"end":{"line":283,"column":39},"skip":true}]},"20":{"line":288,"type":"if","locations":[{"start":{"line":288,"column":8},"end":{"line":288,"column":8},"skip":true},{"start":{"line":288,"column":8},"end":{"line":288,"column":8},"skip":true}]},"21":{"line":288,"type":"binary-expr","locations":[{"start":{"line":288,"column":12},"end":{"line":288,"column":40},"skip":true},{"start":{"line":288,"column":44},"end":{"line":288,"column":67},"skip":true}]},"22":{"line":292,"type":"binary-expr","locations":[{"start":{"line":292,"column":12},"end":{"line":292,"column":50},"skip":true},{"start":{"line":293,"column":12},"end":{"line":293,"column":53},"skip":true}]},"23":{"line":297,"type":"binary-expr","locations":[{"start":{"line":297,"column":12},"end":{"line":297,"column":72},"skip":true},{"start":{"line":298,"column":12},"end":{"line":301,"column":36},"skip":true}]},"24":{"line":303,"type":"binary-expr","locations":[{"start":{"line":303,"column":43},"end":{"line":303,"column":75},"skip":true},{"start":{"line":303,"column":79},"end":{"line":303,"column":81},"skip":true}]},"25":{"line":306,"type":"if","locations":[{"start":{"line":306,"column":8},"end":{"line":306,"column":8},"skip":true},{"start":{"line":306,"column":8},"end":{"line":306,"column":8},"skip":true}]},"26":{"line":310,"type":"if","locations":[{"start":{"line":310,"column":8},"end":{"line":310,"column":8},"skip":true},{"start":{"line":310,"column":8},"end":{"line":310,"column":8},"skip":true}]},"27":{"line":313,"type":"binary-expr","locations":[{"start":{"line":313,"column":27},"end":{"line":313,"column":43},"skip":true},{"start":{"line":313,"column":47},"end":{"line":313,"column":53},"skip":true}]},"28":{"line":317,"type":"if","locations":[{"start":{"line":317,"column":12},"end":{"line":317,"column":12},"skip":true},{"start":{"line":317,"column":12},"end":{"line":317,"column":12},"skip":true}]}},"code":["/*","example.js","","quickstart example","","instruction","    1. save this script as example.js","    2. run the shell command:","        $ npm install npmtest-calendar-tools && PORT=8081 node example.js","    3. play with the browser-demo on http://127.0.0.1:8081","*/","","","","/* istanbul instrument in package npmtest_calendar_tools */","/*jslint","    bitwise: true,","    browser: true,","    maxerr: 8,","    maxlen: 96,","    node: true,","    nomen: true,","    regexp: true,","    stupid: true","*/","(function () {","    'use strict';","    var local;","","","","    // run shared js-env code - pre-init","    (function () {","        // init local","        local = {};","        // init modeJs","        local.modeJs = (function () {","            try {","                return typeof navigator.userAgent === 'string' &&","                    typeof document.querySelector('body') === 'object' &&","                    typeof XMLHttpRequest.prototype.open === 'function' &&","                    'browser';","            } catch (errorCaughtBrowser) {","                return module.exports &&","                    typeof process.versions.node === 'string' &&","                    typeof require('http').createServer === 'function' &&","                    'node';","            }","        }());","        // init global","        local.global = local.modeJs === 'browser'","            ? window","            : global;","        // init utility2_rollup","        local = local.global.utility2_rollup || (local.modeJs === 'browser'","            ? local.global.utility2_npmtest_calendar_tools","            : global.utility2_moduleExports);","        // export local","        local.global.local = local;","    }());","    switch (local.modeJs) {","","","","    // post-init","    // run browser js-env code - post-init","    /* istanbul ignore next */","    case 'browser':","        local.testRunBrowser = function (event) {","            if (!event || (event &&","                    event.currentTarget &&","                    event.currentTarget.className &&","                    event.currentTarget.className.includes &&","                    event.currentTarget.className.includes('onreset'))) {","                // reset output","                Array.from(","                    document.querySelectorAll('body > .resettable')","                ).forEach(function (element) {","                    switch (element.tagName) {","                    case 'INPUT':","                    case 'TEXTAREA':","                        element.value = '';","                        break;","                    default:","                        element.textContent = '';","                    }","                });","            }","            switch (event && event.currentTarget && event.currentTarget.id) {","            case 'testRunButton1':","                // show tests","                if (document.querySelector('#testReportDiv1').style.display === 'none') {","                    document.querySelector('#testReportDiv1').style.display = 'block';","                    document.querySelector('#testRunButton1').textContent =","                        'hide internal test';","                    local.modeTest = true;","                    local.testRunDefault(local);","                // hide tests","                } else {","                    document.querySelector('#testReportDiv1').style.display = 'none';","                    document.querySelector('#testRunButton1').textContent = 'run internal test';","                }","                break;","            // custom-case","            default:","                break;","            }","            if (document.querySelector('#inputTextareaEval1') && (!event || (event &&","                    event.currentTarget &&","                    event.currentTarget.className &&","                    event.currentTarget.className.includes &&","                    event.currentTarget.className.includes('oneval')))) {","                // try to eval input-code","                try {","                    /*jslint evil: true*/","                    eval(document.querySelector('#inputTextareaEval1').value);","                } catch (errorCaught) {","                    console.error(errorCaught);","                }","            }","        };","        // log stderr and stdout to #outputTextareaStdout1","        ['error', 'log'].forEach(function (key) {","            console[key + '_original'] = console[key];","            console[key] = function () {","                var element;","                console[key + '_original'].apply(console, arguments);","                element = document.querySelector('#outputTextareaStdout1');","                if (!element) {","                    return;","                }","                // append text to #outputTextareaStdout1","                element.value += Array.from(arguments).map(function (arg) {","                    return typeof arg === 'string'","                        ? arg","                        : JSON.stringify(arg, null, 4);","                }).join(' ') + '\\n';","                // scroll textarea to bottom","                element.scrollTop = element.scrollHeight;","            };","        });","        // init event-handling","        ['change', 'click', 'keyup'].forEach(function (event) {","            Array.from(document.querySelectorAll('.on' + event)).forEach(function (element) {","                element.addEventListener(event, local.testRunBrowser);","            });","        });","        // run tests","        local.testRunBrowser();","        break;","","","","    // run node js-env code - post-init","    /* istanbul ignore next */","    case 'node':","        // export local","        module.exports = local;","        // require modules","        local.fs = require('fs');","        local.http = require('http');","        local.url = require('url');","        // init assets","        local.assetsDict = local.assetsDict || {};","        /* jslint-ignore-begin */","        local.assetsDict['/assets.index.template.html'] = '\\","<!doctype html>\\n\\","<html lang=\"en\">\\n\\","<head>\\n\\","<meta charset=\"UTF-8\">\\n\\","<meta name=\"viewport\" content=\"width=device-width, initial-scale=1\">\\n\\","<title>{{env.npm_package_name}} (v{{env.npm_package_version}})</title>\\n\\","<style>\\n\\","/*csslint\\n\\","    box-sizing: false,\\n\\","    universal-selector: false\\n\\","*/\\n\\","* {\\n\\","    box-sizing: border-box;\\n\\","}\\n\\","body {\\n\\","    background: #dde;\\n\\","    font-family: Arial, Helvetica, sans-serif;\\n\\","    margin: 2rem;\\n\\","}\\n\\","body > * {\\n\\","    margin-bottom: 1rem;\\n\\","}\\n\\",".utility2FooterDiv {\\n\\","    margin-top: 20px;\\n\\","    text-align: center;\\n\\","}\\n\\","</style>\\n\\","<style>\\n\\","/*csslint\\n\\","*/\\n\\","textarea {\\n\\","    font-family: monospace;\\n\\","    height: 10rem;\\n\\","    width: 100%;\\n\\","}\\n\\","textarea[readonly] {\\n\\","    background: #ddd;\\n\\","}\\n\\","</style>\\n\\","</head>\\n\\","<body>\\n\\","<!-- utility2-comment\\n\\","<div id=\"ajaxProgressDiv1\" style=\"background: #d00; height: 2px; left: 0; margin: 0; padding: 0; position: fixed; top: 0; transition: background 0.5s, width 1.5s; width: 25%;\"></div>\\n\\","utility2-comment -->\\n\\","<h1>\\n\\","<!-- utility2-comment\\n\\","    <a\\n\\","        {{#if env.npm_package_homepage}}\\n\\","        href=\"{{env.npm_package_homepage}}\"\\n\\","        {{/if env.npm_package_homepage}}\\n\\","        target=\"_blank\"\\n\\","    >\\n\\","utility2-comment -->\\n\\","        {{env.npm_package_name}} (v{{env.npm_package_version}})\\n\\","<!-- utility2-comment\\n\\","    </a>\\n\\","utility2-comment -->\\n\\","</h1>\\n\\","<h3>{{env.npm_package_description}}</h3>\\n\\","<!-- utility2-comment\\n\\","<h4><a download href=\"assets.app.js\">download standalone app</a></h4>\\n\\","<button class=\"onclick onreset\" id=\"testRunButton1\">run internal test</button><br>\\n\\","<div id=\"testReportDiv1\" style=\"display: none;\"></div>\\n\\","utility2-comment -->\\n\\","\\n\\","\\n\\","\\n\\","<label>stderr and stdout</label>\\n\\","<textarea class=\"resettable\" id=\"outputTextareaStdout1\" readonly></textarea>\\n\\","<!-- utility2-comment\\n\\","{{#if isRollup}}\\n\\","<script src=\"assets.app.js\"></script>\\n\\","{{#unless isRollup}}\\n\\","utility2-comment -->\\n\\","<script src=\"assets.utility2.rollup.js\"></script>\\n\\","<script src=\"jsonp.utility2._stateInit?callback=window.utility2._stateInit\"></script>\\n\\","<script src=\"assets.npmtest_calendar_tools.rollup.js\"></script>\\n\\","<script src=\"assets.example.js\"></script>\\n\\","<script src=\"assets.test.js\"></script>\\n\\","<!-- utility2-comment\\n\\","{{/if isRollup}}\\n\\","utility2-comment -->\\n\\","<div class=\"utility2FooterDiv\">\\n\\","    [ this app was created with\\n\\","    <a href=\"https://github.com/kaizhu256/node-utility2\" target=\"_blank\">utility2</a>\\n\\","    ]\\n\\","</div>\\n\\","</body>\\n\\","</html>\\n\\","';","        /* jslint-ignore-end */","        if (local.templateRender) {","            local.assetsDict['/'] = local.templateRender(","                local.assetsDict['/assets.index.template.html'],","                {","                    env: local.objectSetDefault(local.env, {","                        npm_package_description: 'the greatest app in the world!',","                        npm_package_name: 'my-app',","                        npm_package_nameAlias: 'my_app',","                        npm_package_version: '0.0.1'","                    })","                }","            );","        } else {","            local.assetsDict['/'] = local.assetsDict['/assets.index.template.html']","                .replace((/\\{\\{env\\.(\\w+?)\\}\\}/g), function (match0, match1) {","                    // jslint-hack","                    String(match0);","                    switch (match1) {","                    case 'npm_package_description':","                        return 'the greatest app in the world!';","                    case 'npm_package_name':","                        return 'my-app';","                    case 'npm_package_nameAlias':","                        return 'my_app';","                    case 'npm_package_version':","                        return '0.0.1';","                    }","                });","        }","        // run the cli","        if (local.global.utility2_rollup || module !== require.main) {","            break;","        }","        local.assetsDict['/assets.example.js'] =","            local.assetsDict['/assets.example.js'] ||","            local.fs.readFileSync(__filename, 'utf8');","        // bug-workaround - long $npm_package_buildCustomOrg","        /* jslint-ignore-begin */","        local.assetsDict['/assets.npmtest_calendar_tools.rollup.js'] =","            local.assetsDict['/assets.npmtest_calendar_tools.rollup.js'] ||","            local.fs.readFileSync(","                local.npmtest_calendar_tools.__dirname + '/lib.npmtest_calendar_tools.js',","                'utf8'","            ).replace((/^#!/), '//');","        /* jslint-ignore-end */","        local.assetsDict['/favicon.ico'] = local.assetsDict['/favicon.ico'] || '';","        // if $npm_config_timeout_exit exists,","        // then exit this process after $npm_config_timeout_exit ms","        if (Number(process.env.npm_config_timeout_exit)) {","            setTimeout(process.exit, Number(process.env.npm_config_timeout_exit));","        }","        // start server","        if (local.global.utility2_serverHttp1) {","            break;","        }","        process.env.PORT = process.env.PORT || '8081';","        console.error('server starting on port ' + process.env.PORT);","        local.http.createServer(function (request, response) {","            request.urlParsed = local.url.parse(request.url);","            if (local.assetsDict[request.urlParsed.pathname] !== undefined) {","                response.end(local.assetsDict[request.urlParsed.pathname]);","                return;","            }","            response.statusCode = 404;","            response.end();","        }).listen(process.env.PORT);","        break;","    }","}());",""],"l":{"26":2,"28":2,"33":2,"35":2,"37":2,"38":2,"39":2,"44":1,"51":2,"55":2,"59":2,"61":2,"69":1,"70":2,"76":2,"79":2,"82":2,"83":2,"85":1,"89":2,"92":1,"93":1,"94":1,"96":1,"97":1,"100":1,"101":1,"103":1,"106":1,"108":2,"114":1,"116":1,"118":1,"123":1,"124":2,"125":2,"126":3,"127":3,"128":3,"129":3,"130":1,"133":3,"134":3,"139":3,"143":1,"144":3,"145":1,"149":1,"150":1,"158":1,"160":1,"161":1,"162":1,"164":1,"166":1,"258":1,"259":1,"271":1,"274":6,"275":6,"277":1,"279":2,"281":1,"283":2,"288":1,"289":1,"291":1,"296":1,"303":1,"306":1,"307":1,"310":1,"311":1,"313":1,"314":1,"315":1,"316":1,"317":1,"318":1,"319":1,"321":1,"322":1,"324":1}},"/home/travis/build/npmtest/node-npmtest-calendar-tools/node_modules/calendar-tools/lib/calendar-tools.js":{"path":"/home/travis/build/npmtest/node-npmtest-calendar-tools/node_modules/calendar-tools/lib/calendar-tools.js","s":{"1":1,"2":1,"3":1,"4":1,"5":1,"6":1,"7":1},"b":{},"f":{},"fnMap":{},"statementMap":{"1":{"start":{"line":8,"column":0},"end":{"line":8,"column":25}},"2":{"start":{"line":14,"column":0},"end":{"line":14,"column":26}},"3":{"start":{"line":20,"column":0},"end":{"line":20,"column":45}},"4":{"start":{"line":26,"column":0},"end":{"line":26,"column":33}},"5":{"start":{"line":32,"column":0},"end":{"line":32,"column":33}},"6":{"start":{"line":38,"column":0},"end":{"line":38,"column":39}},"7":{"start":{"line":44,"column":0},"end":{"line":44,"column":33}}},"branchMap":{},"code":["","/*!","* calendar-tools","* Copyright(c) 2011 Damian Suarez <damian@learnboost.com>","* MIT Licensed","*/","","exports = module.exports;","","/**"," * Library version."," */","","exports.version = '0.3.8';","","/**"," * Expose recurrence"," */","","exports.recurrence = require('./recurrence');","","/**"," * Expose seed"," */","","exports.seed = require('./seed');","","/**"," * Expose atom"," */","","exports.atom = require('./atom');","","/**"," * Expose rfc2445"," */","","exports.rfc2445 = require('./rfc2445');","","/**"," * Expose util"," */","","exports.util = require('./util');",""],"l":{"8":1,"14":1,"20":1,"26":1,"32":1,"38":1,"44":1}},"/home/travis/build/npmtest/node-npmtest-calendar-tools/node_modules/calendar-tools/lib/recurrence.js":{"path":"/home/travis/build/npmtest/node-npmtest-calendar-tools/node_modules/calendar-tools/lib/recurrence.js","s":{"1":1,"2":1,"3":0,"4":1,"5":0,"6":0,"7":0,"8":0,"9":0,"10":0,"11":0,"12":0,"13":0,"14":1,"15":1,"16":0,"17":0,"18":0,"19":0,"20":0,"21":0,"22":0,"23":1,"24":0,"25":0,"26":1,"27":0,"28":1,"29":0,"30":0,"31":0,"32":0,"33":0},"b":{"1":[0,0],"2":[0,0,0],"3":[0,0],"4":[0,0],"5":[0,0],"6":[0,0]},"f":{"1":0,"2":0,"3":0,"4":0,"5":0,"6":0},"fnMap":{"1":{"name":"(anonymous_1)","line":16,"loc":{"start":{"line":16,"column":37},"end":{"line":16,"column":61}}},"2":{"name":"Recurrence","line":37,"loc":{"start":{"line":37,"column":0},"end":{"line":37,"column":35}}},"3":{"name":"(anonymous_3)","line":71,"loc":{"start":{"line":71,"column":20},"end":{"line":71,"column":42}}},"4":{"name":"(anonymous_4)","line":93,"loc":{"start":{"line":93,"column":24},"end":{"line":93,"column":36}}},"5":{"name":"(anonymous_5)","line":102,"loc":{"start":{"line":102,"column":19},"end":{"line":102,"column":31}}},"6":{"name":"(anonymous_6)","line":112,"loc":{"start":{"line":112,"column":23},"end":{"line":112,"column":45}}}},"statementMap":{"1":{"start":{"line":10,"column":0},"end":{"line":10,"column":29}},"2":{"start":{"line":16,"column":0},"end":{"line":18,"column":1}},"3":{"start":{"line":17,"column":2},"end":{"line":17,"column":38}},"4":{"start":{"line":37,"column":0},"end":{"line":62,"column":1}},"5":{"start":{"line":39,"column":2},"end":{"line":39,"column":24}},"6":{"start":{"line":40,"column":2},"end":{"line":46,"column":8}},"7":{"start":{"line":49,"column":2},"end":{"line":50,"column":33}},"8":{"start":{"line":50,"column":4},"end":{"line":50,"column":33}},"9":{"start":{"line":53,"column":2},"end":{"line":53,"column":43}},"10":{"start":{"line":54,"column":2},"end":{"line":54,"column":20}},"11":{"start":{"line":57,"column":2},"end":{"line":57,"column":19}},"12":{"start":{"line":60,"column":2},"end":{"line":60,"column":18}},"13":{"start":{"line":61,"column":2},"end":{"line":61,"column":23}},"14":{"start":{"line":65,"column":0},"end":{"line":65,"column":35}},"15":{"start":{"line":71,"column":0},"end":{"line":87,"column":1}},"16":{"start":{"line":72,"column":2},"end":{"line":72,"column":52}},"17":{"start":{"line":73,"column":2},"end":{"line":73,"column":32}},"18":{"start":{"line":76,"column":2},"end":{"line":79,"column":3}},"19":{"start":{"line":77,"column":4},"end":{"line":77,"column":27}},"20":{"start":{"line":78,"column":4},"end":{"line":78,"column":37}},"21":{"start":{"line":81,"column":2},"end":{"line":84,"column":8}},"22":{"start":{"line":86,"column":2},"end":{"line":86,"column":11}},"23":{"start":{"line":93,"column":0},"end":{"line":96,"column":1}},"24":{"start":{"line":94,"column":2},"end":{"line":95,"column":66}},"25":{"start":{"line":95,"column":4},"end":{"line":95,"column":66}},"26":{"start":{"line":102,"column":0},"end":{"line":104,"column":1}},"27":{"start":{"line":103,"column":2},"end":{"line":103,"column":20}},"28":{"start":{"line":112,"column":0},"end":{"line":121,"column":1}},"29":{"start":{"line":113,"column":2},"end":{"line":113,"column":24}},"30":{"start":{"line":115,"column":2},"end":{"line":118,"column":3}},"31":{"start":{"line":116,"column":4},"end":{"line":116,"column":29}},"32":{"start":{"line":117,"column":4},"end":{"line":117,"column":70}},"33":{"start":{"line":120,"column":2},"end":{"line":120,"column":22}}},"branchMap":{"1":{"line":53,"type":"cond-expr","locations":[{"start":{"line":53,"column":31},"end":{"line":53,"column":34}},{"start":{"line":53,"column":37},"end":{"line":53,"column":42}}]},"2":{"line":72,"type":"binary-expr","locations":[{"start":{"line":72,"column":10},"end":{"line":72,"column":15}},{"start":{"line":72,"column":19},"end":{"line":72,"column":37}},{"start":{"line":72,"column":41},"end":{"line":72,"column":51}}]},"3":{"line":73,"type":"binary-expr","locations":[{"start":{"line":73,"column":8},"end":{"line":73,"column":11}},{"start":{"line":73,"column":15},"end":{"line":73,"column":31}}]},"4":{"line":76,"type":"if","locations":[{"start":{"line":76,"column":2},"end":{"line":76,"column":2}},{"start":{"line":76,"column":2},"end":{"line":76,"column":2}}]},"5":{"line":82,"type":"cond-expr","locations":[{"start":{"line":82,"column":44},"end":{"line":82,"column":59}},{"start":{"line":82,"column":62},"end":{"line":82,"column":67}}]},"6":{"line":83,"type":"cond-expr","locations":[{"start":{"line":83,"column":40},"end":{"line":83,"column":53}},{"start":{"line":83,"column":56},"end":{"line":83,"column":59}}]}},"code":["/*!","* recurrence","* Copyright(c) 2011 Damian Suarez <rdsuarez@gmail.com>","* MIT Licensed","*/","","/**"," * modeule dependencies"," */","var Seed = require('./seed');","","/**"," * exports recurrence Class"," */","","var modRecurrence = module.exports = function (evs, options) {","  return new Recurrence(evs, options);","}","","/**"," * Initialize a new 'Recurrence' object with the given 'ev'"," *"," * @param {Object|Array} evs: object event or an array events collection"," * @param {Object}  options: {"," *      period: {"," *          start: {Date} - period start date"," *        , end: {Date} - period end date"," *      }"," *    , addNoRec: {Boolean} - add no-recurrence events"," *    , systemTZCorrection: {Boolean} - apply system timezone correction"," *    , offsetCorrection: {Number} - apply offset correction (minutes)"," *  }",""," * return {Array} instances series"," */","","function Recurrence (evs, options) {","  // add default options","  var start = new Date()","  this.options = {","          start: start","        , end: new Date(+start + 1000*60*6024)","        , addNoRec: true","        , systemTZCorrection: false","        , offsetCorrection: 0","      };","","  // mix options","  for (var k in options)","    this.options[k] = options[k];","","  // store events","  evs = evs instanceof Array ? evs : [evs];","  this.events = evs;","","  // set period","  this.setPeriod();","","  // planting seeds","  this.seeds = [];","  this.plantingSeeds();","}","","// proto alias","var _pttRec = Recurrence.prototype;","","/**"," * setPeriod() method."," */","","_pttRec.setPeriod = function (start, end) {","  start = start || this.options.start || new Date();","  end = end || this.options.end;","","  // set period","  if (!end) {","    end = new Date(+start);","    end.setDate(start.getDate() + 1);","  }","","  var p = this.period = {","          start: typeof start == 'string' ? new Date(start) : start","        , end: typeof end == 'string' ? new Date(end) : end","      };","","  return p;","}","","/**"," * planting seeds. That is register all events crating 'seed' objects"," */","","_pttRec.plantingSeeds = function () {","  for (var s = 0; s < this.events.length; s++)","    this.seeds.push(new Seed(this.events[s], this, this.options));","}","","/**"," * return seeed events"," */","","_pttRec.getSeeds = function () {","  return this.seeds;","}","","/**"," * getInstances()"," *"," * return {Array} all instances of all seed events"," */","","_pttRec.getInstances = function (start, end) {","  var allInstances = [];","","  for (var i = 0; i < this.seeds.length; i++) {","    var seed = this.seeds[i];","    allInstances = allInstances.concat(seed.getInstances(start, end));","  };","","  return allInstances;","}",""],"l":{"10":1,"16":1,"17":0,"37":1,"39":0,"40":0,"49":0,"50":0,"53":0,"54":0,"57":0,"60":0,"61":0,"65":1,"71":1,"72":0,"73":0,"76":0,"77":0,"78":0,"81":0,"86":0,"93":1,"94":0,"95":0,"102":1,"103":0,"112":1,"113":0,"115":0,"116":0,"117":0,"120":0}},"/home/travis/build/npmtest/node-npmtest-calendar-tools/node_modules/calendar-tools/lib/seed.js":{"path":"/home/travis/build/npmtest/node-npmtest-calendar-tools/node_modules/calendar-tools/lib/seed.js","s":{"1":1,"2":1,"3":1,"4":0,"5":1,"6":0,"7":0,"8":0,"9":0,"10":0,"11":0,"12":0,"13":0,"14":0,"15":0,"16":0,"17":0,"18":0,"19":0,"20":0,"21":1,"22":1,"23":0,"24":0,"25":0,"26":0,"27":0,"28":0,"29":0,"30":1,"31":0,"32":1,"33":1,"34":0,"35":0,"36":0,"37":0,"38":0,"39":0,"40":0,"41":0,"42":0,"43":0,"44":0,"45":0,"46":0,"47":0,"48":0,"49":0,"50":0,"51":0,"52":0,"53":0,"54":0,"55":0,"56":0,"57":0,"58":0,"59":0,"60":0,"61":0,"62":0,"63":0,"64":0,"65":0,"66":1,"67":0,"68":0,"69":0,"70":0,"71":0,"72":0,"73":0,"74":0,"75":0,"76":0,"77":1,"78":0,"79":0,"80":0,"81":0,"82":0,"83":0,"84":0,"85":0,"86":0,"87":0,"88":0,"89":0,"90":0,"91":0,"92":0,"93":0,"94":0,"95":0,"96":0,"97":0,"98":0,"99":0,"100":0,"101":1,"102":0,"103":0,"104":0,"105":0,"106":0,"107":0,"108":0,"109":0,"110":0,"111":0,"112":0,"113":0,"114":0,"115":0,"116":0,"117":0,"118":0,"119":0,"120":0,"121":0,"122":0,"123":0,"124":0,"125":1,"126":0,"127":1,"128":0,"129":0,"130":0,"131":0,"132":0,"133":0,"134":0,"135":0,"136":0,"137":0,"138":0,"139":0,"140":0,"141":0,"142":0,"143":1,"144":0,"145":0,"146":0,"147":0,"148":0,"149":0,"150":0,"151":0,"152":0,"153":0,"154":0,"155":1,"156":0,"157":0,"158":0,"159":0,"160":0,"161":0,"162":0,"163":0,"164":0,"165":0,"166":0,"167":0,"168":0,"169":0,"170":0,"171":0,"172":0,"173":0,"174":0,"175":0,"176":0,"177":1,"178":0,"179":1,"180":0,"181":0,"182":0,"183":0,"184":0,"185":0,"186":0,"187":0,"188":0,"189":0,"190":0,"191":1,"192":0,"193":0,"194":0,"195":0,"196":0,"197":0,"198":0,"199":0,"200":0,"201":0,"202":0,"203":0,"204":0,"205":0,"206":0,"207":0,"208":0,"209":0,"210":0,"211":0,"212":0,"213":0,"214":0,"215":0,"216":0,"217":0,"218":0,"219":0,"220":0,"221":0,"222":0,"223":0,"224":0,"225":0,"226":0,"227":0,"228":0,"229":0,"230":0,"231":0,"232":0,"233":0,"234":0,"235":0,"236":0,"237":0,"238":0,"239":1,"240":0,"241":1,"242":0,"243":0,"244":1,"245":0,"246":0,"247":0,"248":0,"249":0,"250":0},"b":{"1":[0,0],"2":[0,0],"3":[0,0],"4":[0,0],"5":[0,0],"6":[0,0,0,0],"7":[0,0,0],"8":[0,0],"9":[0,0],"10":[0,0],"11":[0,0],"12":[0,0],"13":[0,0],"14":[0,0],"15":[0,0],"16":[0,0],"17":[0,0],"18":[0,0],"19":[0,0],"20":[0,0],"21":[0,0],"22":[0,0],"23":[0,0],"24":[0,0],"25":[0,0],"26":[0,0],"27":[0,0],"28":[0,0],"29":[0,0,0,0],"30":[0,0],"31":[0,0],"32":[0,0],"33":[0,0],"34":[0,0],"35":[0,0],"36":[0,0],"37":[0,0],"38":[0,0,0,0,0,0],"39":[0,0],"40":[0,0],"41":[0,0],"42":[0,0],"43":[0,0],"44":[0,0],"45":[0,0],"46":[0,0],"47":[0,0],"48":[0,0],"49":[0,0],"50":[0,0],"51":[0,0],"52":[0,0],"53":[0,0],"54":[0,0],"55":[0,0,0,0],"56":[0,0],"57":[0,0],"58":[0,0],"59":[0,0],"60":[0,0],"61":[0,0],"62":[0,0],"63":[0,0],"64":[0,0],"65":[0,0],"66":[0,0]},"f":{"1":0,"2":0,"3":0,"4":0,"5":0,"6":0,"7":0,"8":0,"9":0,"10":0,"11":0,"12":0,"13":0,"14":0,"15":0,"16":0,"17":0,"18":0,"19":0,"20":0,"21":0,"22":0},"fnMap":{"1":{"name":"(anonymous_1)","line":27,"loc":{"start":{"line":27,"column":31},"end":{"line":27,"column":62}}},"2":{"name":"Seed","line":41,"loc":{"start":{"line":41,"column":0},"end":{"line":41,"column":19}}},"3":{"name":"(anonymous_3)","line":89,"loc":{"start":{"line":89,"column":20},"end":{"line":89,"column":42}}},"4":{"name":"(anonymous_4)","line":111,"loc":{"start":{"line":111,"column":20},"end":{"line":111,"column":32}}},"5":{"name":"(anonymous_5)","line":120,"loc":{"start":{"line":120,"column":20},"end":{"line":120,"column":32}}},"6":{"name":"tzCorrection","line":122,"loc":{"start":{"line":122,"column":2},"end":{"line":122,"column":34}}},"7":{"name":"(anonymous_7)","line":208,"loc":{"start":{"line":208,"column":30},"end":{"line":208,"column":71}}},"8":{"name":"getDaysByPeriod","line":234,"loc":{"start":{"line":234,"column":2},"end":{"line":234,"column":54}}},"9":{"name":"(anonymous_9)","line":251,"loc":{"start":{"line":251,"column":51},"end":{"line":251,"column":67}}},"10":{"name":"(anonymous_10)","line":297,"loc":{"start":{"line":297,"column":23},"end":{"line":297,"column":45}}},"11":{"name":"(anonymous_11)","line":357,"loc":{"start":{"line":357,"column":23},"end":{"line":357,"column":45}}},"12":{"name":"(anonymous_12)","line":370,"loc":{"start":{"line":370,"column":20},"end":{"line":370,"column":47}}},"13":{"name":"(anonymous_13)","line":407,"loc":{"start":{"line":407,"column":24},"end":{"line":407,"column":36}}},"14":{"name":"(anonymous_14)","line":442,"loc":{"start":{"line":442,"column":27},"end":{"line":442,"column":39}}},"15":{"name":"(anonymous_15)","line":466,"loc":{"start":{"line":466,"column":17},"end":{"line":466,"column":35}}},"16":{"name":"(anonymous_16)","line":494,"loc":{"start":{"line":494,"column":28},"end":{"line":494,"column":40}}},"17":{"name":"(anonymous_17)","line":502,"loc":{"start":{"line":502,"column":27},"end":{"line":502,"column":50}}},"18":{"name":"getPeriods","line":524,"loc":{"start":{"line":524,"column":2},"end":{"line":524,"column":24}}},"19":{"name":"(anonymous_19)","line":550,"loc":{"start":{"line":550,"column":42},"end":{"line":550,"column":78}}},"20":{"name":"(anonymous_20)","line":630,"loc":{"start":{"line":630,"column":31},"end":{"line":630,"column":46}}},"21":{"name":"(anonymous_21)","line":638,"loc":{"start":{"line":638,"column":31},"end":{"line":638,"column":46}}},"22":{"name":"(anonymous_22)","line":647,"loc":{"start":{"line":647,"column":27},"end":{"line":647,"column":43}}}},"statementMap":{"1":{"start":{"line":11,"column":0},"end":{"line":12,"column":37}},"2":{"start":{"line":18,"column":0},"end":{"line":21,"column":32}},"3":{"start":{"line":27,"column":0},"end":{"line":29,"column":1}},"4":{"start":{"line":28,"column":2},"end":{"line":28,"column":39}},"5":{"start":{"line":41,"column":0},"end":{"line":76,"column":1}},"6":{"start":{"line":42,"column":2},"end":{"line":43,"column":76}},"7":{"start":{"line":43,"column":4},"end":{"line":43,"column":76}},"8":{"start":{"line":45,"column":2},"end":{"line":45,"column":23}},"9":{"start":{"line":48,"column":2},"end":{"line":48,"column":46}},"10":{"start":{"line":50,"column":2},"end":{"line":55,"column":26}},"11":{"start":{"line":51,"column":4},"end":{"line":53,"column":5}},"12":{"start":{"line":55,"column":4},"end":{"line":55,"column":26}},"13":{"start":{"line":58,"column":2},"end":{"line":58,"column":48}},"14":{"start":{"line":59,"column":2},"end":{"line":62,"column":8}},"15":{"start":{"line":65,"column":2},"end":{"line":66,"column":33}},"16":{"start":{"line":66,"column":4},"end":{"line":66,"column":33}},"17":{"start":{"line":69,"column":2},"end":{"line":69,"column":15}},"18":{"start":{"line":72,"column":2},"end":{"line":72,"column":19}},"19":{"start":{"line":74,"column":2},"end":{"line":75,"column":21}},"20":{"start":{"line":75,"column":4},"end":{"line":75,"column":21}},"21":{"start":{"line":79,"column":0},"end":{"line":79,"column":29}},"22":{"start":{"line":89,"column":0},"end":{"line":105,"column":1}},"23":{"start":{"line":90,"column":2},"end":{"line":90,"column":80}},"24":{"start":{"line":91,"column":2},"end":{"line":91,"column":58}},"25":{"start":{"line":94,"column":2},"end":{"line":97,"column":3}},"26":{"start":{"line":95,"column":4},"end":{"line":95,"column":27}},"27":{"start":{"line":96,"column":4},"end":{"line":96,"column":37}},"28":{"start":{"line":99,"column":2},"end":{"line":102,"column":8}},"29":{"start":{"line":104,"column":2},"end":{"line":104,"column":11}},"30":{"start":{"line":111,"column":0},"end":{"line":113,"column":1}},"31":{"start":{"line":112,"column":2},"end":{"line":112,"column":21}},"32":{"start":{"line":120,"column":0},"end":{"line":195,"column":1}},"33":{"start":{"line":122,"column":2},"end":{"line":126,"column":3}},"34":{"start":{"line":123,"column":4},"end":{"line":123,"column":26}},"35":{"start":{"line":123,"column":14},"end":{"line":123,"column":26}},"36":{"start":{"line":124,"column":4},"end":{"line":124,"column":44}},"37":{"start":{"line":125,"column":4},"end":{"line":125,"column":16}},"38":{"start":{"line":129,"column":2},"end":{"line":130,"column":44}},"39":{"start":{"line":130,"column":4},"end":{"line":130,"column":44}},"40":{"start":{"line":132,"column":2},"end":{"line":133,"column":40}},"41":{"start":{"line":133,"column":4},"end":{"line":133,"column":40}},"42":{"start":{"line":135,"column":2},"end":{"line":136,"column":42}},"43":{"start":{"line":136,"column":4},"end":{"line":136,"column":42}},"44":{"start":{"line":140,"column":2},"end":{"line":144,"column":20}},"45":{"start":{"line":147,"column":2},"end":{"line":147,"column":38}},"46":{"start":{"line":148,"column":2},"end":{"line":148,"column":36}},"47":{"start":{"line":149,"column":2},"end":{"line":149,"column":37}},"48":{"start":{"line":152,"column":2},"end":{"line":171,"column":3}},"49":{"start":{"line":154,"column":4},"end":{"line":154,"column":28}},"50":{"start":{"line":157,"column":4},"end":{"line":170,"column":5}},"51":{"start":{"line":158,"column":6},"end":{"line":159,"column":26}},"52":{"start":{"line":161,"column":6},"end":{"line":166,"column":7}},"53":{"start":{"line":162,"column":8},"end":{"line":162,"column":43}},"54":{"start":{"line":163,"column":8},"end":{"line":163,"column":33}},"55":{"start":{"line":164,"column":8},"end":{"line":165,"column":16}},"56":{"start":{"line":165,"column":10},"end":{"line":165,"column":16}},"57":{"start":{"line":168,"column":6},"end":{"line":168,"column":57}},"58":{"start":{"line":169,"column":6},"end":{"line":169,"column":53}},"59":{"start":{"line":174,"column":2},"end":{"line":183,"column":16}},"60":{"start":{"line":186,"column":2},"end":{"line":188,"column":26}},"61":{"start":{"line":187,"column":4},"end":{"line":188,"column":26}},"62":{"start":{"line":188,"column":6},"end":{"line":188,"column":26}},"63":{"start":{"line":191,"column":2},"end":{"line":192,"column":50}},"64":{"start":{"line":192,"column":4},"end":{"line":192,"column":50}},"65":{"start":{"line":194,"column":2},"end":{"line":194,"column":17}},"66":{"start":{"line":208,"column":0},"end":{"line":284,"column":1}},"67":{"start":{"line":210,"column":2},"end":{"line":213,"column":18}},"68":{"start":{"line":216,"column":2},"end":{"line":232,"column":3}},"69":{"start":{"line":219,"column":4},"end":{"line":219,"column":40}},"70":{"start":{"line":222,"column":4},"end":{"line":223,"column":55}},"71":{"start":{"line":223,"column":6},"end":{"line":223,"column":55}},"72":{"start":{"line":225,"column":4},"end":{"line":225,"column":63}},"73":{"start":{"line":227,"column":4},"end":{"line":227,"column":50}},"74":{"start":{"line":229,"column":4},"end":{"line":229,"column":59}},"75":{"start":{"line":230,"column":4},"end":{"line":231,"column":60}},"76":{"start":{"line":231,"column":6},"end":{"line":231,"column":60}},"77":{"start":{"line":234,"column":2},"end":{"line":243,"column":3}},"78":{"start":{"line":235,"column":4},"end":{"line":237,"column":69}},"79":{"start":{"line":239,"column":4},"end":{"line":240,"column":26}},"80":{"start":{"line":240,"column":6},"end":{"line":240,"column":26}},"81":{"start":{"line":242,"column":4},"end":{"line":242,"column":48}},"82":{"start":{"line":245,"column":2},"end":{"line":281,"column":3}},"83":{"start":{"line":247,"column":6},"end":{"line":247,"column":73}},"84":{"start":{"line":248,"column":4},"end":{"line":248,"column":10}},"85":{"start":{"line":251,"column":6},"end":{"line":254,"column":9}},"86":{"start":{"line":252,"column":8},"end":{"line":253,"column":63}},"87":{"start":{"line":255,"column":4},"end":{"line":255,"column":10}},"88":{"start":{"line":258,"column":6},"end":{"line":260,"column":59}},"89":{"start":{"line":262,"column":6},"end":{"line":262,"column":71}},"90":{"start":{"line":264,"column":6},"end":{"line":271,"column":7}},"91":{"start":{"line":265,"column":8},"end":{"line":265,"column":77}},"92":{"start":{"line":266,"column":8},"end":{"line":267,"column":43}},"93":{"start":{"line":267,"column":10},"end":{"line":267,"column":43}},"94":{"start":{"line":269,"column":8},"end":{"line":270,"column":29}},"95":{"start":{"line":270,"column":10},"end":{"line":270,"column":29}},"96":{"start":{"line":272,"column":4},"end":{"line":272,"column":10}},"97":{"start":{"line":275,"column":6},"end":{"line":277,"column":57}},"98":{"start":{"line":279,"column":6},"end":{"line":279,"column":70}},"99":{"start":{"line":280,"column":4},"end":{"line":280,"column":10}},"100":{"start":{"line":283,"column":2},"end":{"line":283,"column":26}},"101":{"start":{"line":297,"column":0},"end":{"line":351,"column":1}},"102":{"start":{"line":299,"column":2},"end":{"line":300,"column":31}},"103":{"start":{"line":300,"column":4},"end":{"line":300,"column":31}},"104":{"start":{"line":302,"column":2},"end":{"line":302,"column":21}},"105":{"start":{"line":305,"column":2},"end":{"line":307,"column":28}},"106":{"start":{"line":310,"column":2},"end":{"line":322,"column":3}},"107":{"start":{"line":311,"column":4},"end":{"line":321,"column":16}},"108":{"start":{"line":312,"column":6},"end":{"line":318,"column":20}},"109":{"start":{"line":316,"column":8},"end":{"line":316,"column":51}},"110":{"start":{"line":318,"column":11},"end":{"line":318,"column":20}},"111":{"start":{"line":321,"column":6},"end":{"line":321,"column":16}},"112":{"start":{"line":324,"column":2},"end":{"line":329,"column":26}},"113":{"start":{"line":331,"column":2},"end":{"line":348,"column":3}},"114":{"start":{"line":333,"column":4},"end":{"line":333,"column":59}},"115":{"start":{"line":334,"column":4},"end":{"line":344,"column":5}},"116":{"start":{"line":335,"column":6},"end":{"line":335,"column":48}},"117":{"start":{"line":337,"column":6},"end":{"line":337,"column":17}},"118":{"start":{"line":338,"column":6},"end":{"line":338,"column":36}},"119":{"start":{"line":340,"column":6},"end":{"line":340,"column":27}},"120":{"start":{"line":342,"column":6},"end":{"line":342,"column":10}},"121":{"start":{"line":343,"column":6},"end":{"line":343,"column":26}},"122":{"start":{"line":346,"column":4},"end":{"line":346,"column":51}},"123":{"start":{"line":347,"column":4},"end":{"line":347,"column":16}},"124":{"start":{"line":350,"column":2},"end":{"line":350,"column":19}},"125":{"start":{"line":357,"column":0},"end":{"line":359,"column":1}},"126":{"start":{"line":358,"column":2},"end":{"line":358,"column":39}},"127":{"start":{"line":370,"column":0},"end":{"line":405,"column":1}},"128":{"start":{"line":371,"column":2},"end":{"line":373,"column":35}},"129":{"start":{"line":375,"column":2},"end":{"line":375,"column":24}},"130":{"start":{"line":377,"column":2},"end":{"line":378,"column":32}},"131":{"start":{"line":381,"column":2},"end":{"line":403,"column":3}},"132":{"start":{"line":382,"column":4},"end":{"line":401,"column":60}},"133":{"start":{"line":385,"column":6},"end":{"line":388,"column":7}},"134":{"start":{"line":386,"column":8},"end":{"line":386,"column":27}},"135":{"start":{"line":387,"column":8},"end":{"line":387,"column":17}},"136":{"start":{"line":390,"column":6},"end":{"line":390,"column":60}},"137":{"start":{"line":391,"column":6},"end":{"line":391,"column":35}},"138":{"start":{"line":394,"column":6},"end":{"line":394,"column":32}},"139":{"start":{"line":395,"column":6},"end":{"line":395,"column":56}},"140":{"start":{"line":396,"column":6},"end":{"line":396,"column":36}},"141":{"start":{"line":397,"column":6},"end":{"line":397,"column":68}},"142":{"start":{"line":401,"column":6},"end":{"line":401,"column":60}},"143":{"start":{"line":407,"column":0},"end":{"line":432,"column":1}},"144":{"start":{"line":409,"column":2},"end":{"line":411,"column":19}},"145":{"start":{"line":413,"column":2},"end":{"line":415,"column":36}},"146":{"start":{"line":418,"column":2},"end":{"line":428,"column":3}},"147":{"start":{"line":420,"column":6},"end":{"line":420,"column":53}},"148":{"start":{"line":421,"column":4},"end":{"line":421,"column":10}},"149":{"start":{"line":424,"column":6},"end":{"line":424,"column":52}},"150":{"start":{"line":425,"column":6},"end":{"line":425,"column":35}},"151":{"start":{"line":426,"column":6},"end":{"line":426,"column":58}},"152":{"start":{"line":427,"column":4},"end":{"line":427,"column":10}},"153":{"start":{"line":430,"column":2},"end":{"line":430,"column":53}},"154":{"start":{"line":431,"column":2},"end":{"line":431,"column":47}},"155":{"start":{"line":442,"column":0},"end":{"line":488,"column":1}},"156":{"start":{"line":443,"column":2},"end":{"line":443,"column":19}},"157":{"start":{"line":445,"column":2},"end":{"line":450,"column":16}},"158":{"start":{"line":452,"column":2},"end":{"line":453,"column":12}},"159":{"start":{"line":453,"column":4},"end":{"line":453,"column":12}},"160":{"start":{"line":455,"column":2},"end":{"line":458,"column":3}},"161":{"start":{"line":456,"column":4},"end":{"line":456,"column":63}},"162":{"start":{"line":457,"column":4},"end":{"line":457,"column":46}},"163":{"start":{"line":462,"column":2},"end":{"line":462,"column":20}},"164":{"start":{"line":463,"column":2},"end":{"line":464,"column":23}},"165":{"start":{"line":464,"column":4},"end":{"line":464,"column":23}},"166":{"start":{"line":466,"column":2},"end":{"line":468,"column":5}},"167":{"start":{"line":467,"column":4},"end":{"line":467,"column":52}},"168":{"start":{"line":472,"column":2},"end":{"line":482,"column":3}},"169":{"start":{"line":473,"column":4},"end":{"line":473,"column":27}},"170":{"start":{"line":474,"column":4},"end":{"line":474,"column":24}},"171":{"start":{"line":476,"column":4},"end":{"line":479,"column":34}},"172":{"start":{"line":477,"column":6},"end":{"line":477,"column":14}},"173":{"start":{"line":479,"column":6},"end":{"line":479,"column":34}},"174":{"start":{"line":481,"column":4},"end":{"line":481,"column":12}},"175":{"start":{"line":485,"column":2},"end":{"line":485,"column":56}},"176":{"start":{"line":487,"column":2},"end":{"line":487,"column":44}},"177":{"start":{"line":494,"column":0},"end":{"line":496,"column":1}},"178":{"start":{"line":495,"column":2},"end":{"line":495,"column":28}},"179":{"start":{"line":502,"column":0},"end":{"line":619,"column":1}},"180":{"start":{"line":503,"column":2},"end":{"line":503,"column":19}},"181":{"start":{"line":505,"column":2},"end":{"line":505,"column":52}},"182":{"start":{"line":506,"column":2},"end":{"line":506,"column":22}},"183":{"start":{"line":508,"column":2},"end":{"line":509,"column":50}},"184":{"start":{"line":512,"column":2},"end":{"line":517,"column":3}},"185":{"start":{"line":513,"column":4},"end":{"line":513,"column":20}},"186":{"start":{"line":514,"column":4},"end":{"line":516,"column":5}},"187":{"start":{"line":515,"column":6},"end":{"line":515,"column":39}},"188":{"start":{"line":519,"column":2},"end":{"line":520,"column":30}},"189":{"start":{"line":520,"column":4},"end":{"line":520,"column":30}},"190":{"start":{"line":522,"column":2},"end":{"line":522,"column":35}},"191":{"start":{"line":524,"column":2},"end":{"line":534,"column":3}},"192":{"start":{"line":527,"column":4},"end":{"line":528,"column":36}},"193":{"start":{"line":530,"column":4},"end":{"line":531,"column":17}},"194":{"start":{"line":531,"column":6},"end":{"line":531,"column":17}},"195":{"start":{"line":533,"column":4},"end":{"line":533,"column":36}},"196":{"start":{"line":536,"column":2},"end":{"line":616,"column":3}},"197":{"start":{"line":538,"column":6},"end":{"line":539,"column":70}},"198":{"start":{"line":541,"column":6},"end":{"line":541,"column":28}},"199":{"start":{"line":542,"column":4},"end":{"line":542,"column":10}},"200":{"start":{"line":545,"column":6},"end":{"line":545,"column":60}},"201":{"start":{"line":546,"column":6},"end":{"line":546,"column":70}},"202":{"start":{"line":548,"column":6},"end":{"line":548,"column":49}},"203":{"start":{"line":550,"column":6},"end":{"line":559,"column":9}},"204":{"start":{"line":551,"column":8},"end":{"line":551,"column":30}},"205":{"start":{"line":552,"column":8},"end":{"line":552,"column":46}},"206":{"start":{"line":554,"column":8},"end":{"line":554,"column":38}},"207":{"start":{"line":555,"column":8},"end":{"line":555,"column":54}},"208":{"start":{"line":557,"column":8},"end":{"line":558,"column":53}},"209":{"start":{"line":558,"column":10},"end":{"line":558,"column":53}},"210":{"start":{"line":560,"column":4},"end":{"line":560,"column":10}},"211":{"start":{"line":563,"column":6},"end":{"line":564,"column":74}},"212":{"start":{"line":566,"column":6},"end":{"line":604,"column":7}},"213":{"start":{"line":568,"column":8},"end":{"line":568,"column":31}},"214":{"start":{"line":570,"column":8},"end":{"line":570,"column":77}},"215":{"start":{"line":573,"column":8},"end":{"line":573,"column":40}},"216":{"start":{"line":574,"column":8},"end":{"line":574,"column":27}},"217":{"start":{"line":575,"column":8},"end":{"line":575,"column":38}},"218":{"start":{"line":577,"column":8},"end":{"line":580,"column":62}},"219":{"start":
[...]
ementMap":{"1":{"start":{"line":11,"column":0},"end":{"line":11,"column":29}},"2":{"start":{"line":17,"column":0},"end":{"line":18,"column":22}},"3":{"start":{"line":24,"column":0},"end":{"line":29,"column":6}},"4":{"start":{"line":35,"column":0},"end":{"line":43,"column":4}},"5":{"start":{"line":49,"column":0},"end":{"line":57,"column":4}},"6":{"start":{"line":63,"column":0},"end":{"line":63,"column":54}},"7":{"start":{"line":69,"column":0},"end":{"line":69,"column":34}},"8":{"start":{"line":84,"column":0},"end":{"line":182,"column":1}},"9":{"start":{"line":85,"column":2},"end":{"line":85,"column":31}},"10":{"start":{"line":85,"column":21},"end":{"line":85,"column":31}},"11":{"start":{"line":87,"column":2},"end":{"line":87,"column":21}},"12":{"start":{"line":89,"column":2},"end":{"line":93,"column":8}},"13":{"start":{"line":95,"column":2},"end":{"line":96,"column":39}},"14":{"start":{"line":96,"column":4},"end":{"line":96,"column":39}},"15":{"start":{"line":98,"column":2},"end":{"line":98,"column":28}},"16":{"start":{"line":101,"column":2},"end":{"line":108,"column":8}},"17":{"start":{"line":111,"column":2},"end":{"line":114,"column":20}},"18":{"start":{"line":119,"column":2},"end":{"line":120,"column":54}},"19":{"start":{"line":120,"column":4},"end":{"line":120,"column":54}},"20":{"start":{"line":122,"column":2},"end":{"line":123,"column":75}},"21":{"start":{"line":123,"column":4},"end":{"line":123,"column":75}},"22":{"start":{"line":126,"column":2},"end":{"line":127,"column":50}},"23":{"start":{"line":127,"column":4},"end":{"line":127,"column":50}},"24":{"start":{"line":129,"column":2},"end":{"line":177,"column":3}},"25":{"start":{"line":130,"column":4},"end":{"line":175,"column":24}},"26":{"start":{"line":131,"column":6},"end":{"line":166,"column":7}},"27":{"start":{"line":133,"column":10},"end":{"line":135,"column":25}},"28":{"start":{"line":136,"column":8},"end":{"line":136,"column":14}},"29":{"start":{"line":139,"column":10},"end":{"line":146,"column":30}},"30":{"start":{"line":147,"column":8},"end":{"line":147,"column":14}},"31":{"start":{"line":150,"column":10},"end":{"line":150,"column":24}},"32":{"start":{"line":151,"column":10},"end":{"line":152,"column":48}},"33":{"start":{"line":152,"column":12},"end":{"line":152,"column":48}},"34":{"start":{"line":154,"column":10},"end":{"line":154,"column":52}},"35":{"start":{"line":156,"column":10},"end":{"line":158,"column":25}},"36":{"start":{"line":159,"column":8},"end":{"line":159,"column":14}},"37":{"start":{"line":162,"column":10},"end":{"line":164,"column":25}},"38":{"start":{"line":165,"column":8},"end":{"line":165,"column":14}},"39":{"start":{"line":170,"column":9},"end":{"line":175,"column":24}},"40":{"start":{"line":171,"column":6},"end":{"line":171,"column":21}},"41":{"start":{"line":174,"column":9},"end":{"line":175,"column":24}},"42":{"start":{"line":175,"column":6},"end":{"line":175,"column":24}},"43":{"start":{"line":179,"column":2},"end":{"line":179,"column":20}},"44":{"start":{"line":181,"column":2},"end":{"line":181,"column":28}},"45":{"start":{"line":196,"column":0},"end":{"line":274,"column":2}},"46":{"start":{"line":198,"column":2},"end":{"line":205,"column":17}},"47":{"start":{"line":207,"column":2},"end":{"line":207,"column":47}},"48":{"start":{"line":209,"column":2},"end":{"line":209,"column":28}},"49":{"start":{"line":209,"column":16},"end":{"line":209,"column":28}},"50":{"start":{"line":212,"column":2},"end":{"line":212,"column":39}},"51":{"start":{"line":214,"column":2},"end":{"line":267,"column":3}},"52":{"start":{"line":215,"column":4},"end":{"line":215,"column":40}},"53":{"start":{"line":219,"column":4},"end":{"line":221,"column":5}},"54":{"start":{"line":220,"column":6},"end":{"line":220,"column":21}},"55":{"start":{"line":224,"column":4},"end":{"line":265,"column":48}},"56":{"start":{"line":225,"column":6},"end":{"line":225,"column":28}},"57":{"start":{"line":230,"column":9},"end":{"line":265,"column":48}},"58":{"start":{"line":231,"column":6},"end":{"line":231,"column":38}},"59":{"start":{"line":232,"column":6},"end":{"line":232,"column":38}},"60":{"start":{"line":236,"column":9},"end":{"line":265,"column":48}},"61":{"start":{"line":237,"column":6},"end":{"line":237,"column":35}},"62":{"start":{"line":238,"column":6},"end":{"line":238,"column":55}},"63":{"start":{"line":239,"column":6},"end":{"line":239,"column":43}},"64":{"start":{"line":246,"column":9},"end":{"line":265,"column":48}},"65":{"start":{"line":248,"column":6},"end":{"line":259,"column":7}},"66":{"start":{"line":249,"column":8},"end":{"line":249,"column":37}},"67":{"start":{"line":250,"column":8},"end":{"line":253,"column":9}},"68":{"start":{"line":251,"column":10},"end":{"line":251,"column":49}},"69":{"start":{"line":252,"column":10},"end":{"line":252,"column":42}},"70":{"start":{"line":255,"column":11},"end":{"line":259,"column":7}},"71":{"start":{"line":257,"column":8},"end":{"line":257,"column":49}},"72":{"start":{"line":264,"column":9},"end":{"line":265,"column":48}},"73":{"start":{"line":265,"column":6},"end":{"line":265,"column":48}},"74":{"start":{"line":271,"column":2},"end":{"line":271,"column":59}},"75":{"start":{"line":273,"column":2},"end":{"line":273,"column":16}},"76":{"start":{"line":290,"column":0},"end":{"line":300,"column":2}},"77":{"start":{"line":293,"column":2},"end":{"line":293,"column":38}},"78":{"start":{"line":295,"column":2},"end":{"line":295,"column":45}},"79":{"start":{"line":297,"column":2},"end":{"line":298,"column":34}},"80":{"start":{"line":298,"column":4},"end":{"line":298,"column":34}},"81":{"start":{"line":299,"column":2},"end":{"line":299,"column":14}},"82":{"start":{"line":306,"column":0},"end":{"line":312,"column":2}},"83":{"start":{"line":309,"column":2},"end":{"line":309,"column":57}},"84":{"start":{"line":311,"column":2},"end":{"line":311,"column":32}}},"branchMap":{"1":{"line":85,"type":"if","locations":[{"start":{"line":85,"column":2},"end":{"line":85,"column":2}},{"start":{"line":85,"column":2},"end":{"line":85,"column":2}}]},"2":{"line":87,"type":"binary-expr","locations":[{"start":{"line":87,"column":9},"end":{"line":87,"column":13}},{"start":{"line":87,"column":18},"end":{"line":87,"column":20}}]},"3":{"line":96,"type":"binary-expr","locations":[{"start":{"line":96,"column":17},"end":{"line":96,"column":24}},{"start":{"line":96,"column":28},"end":{"line":96,"column":38}}]},"4":{"line":102,"type":"cond-expr","locations":[{"start":{"line":103,"column":28},"end":{"line":103,"column":59}},{"start":{"line":104,"column":28},"end":{"line":104,"column":66}}]},"5":{"line":105,"type":"cond-expr","locations":[{"start":{"line":106,"column":28},"end":{"line":106,"column":75}},{"start":{"line":107,"column":28},"end":{"line":107,"column":64}}]},"6":{"line":119,"type":"if","locations":[{"start":{"line":119,"column":2},"end":{"line":119,"column":2}},{"start":{"line":119,"column":2},"end":{"line":119,"column":2}}]},"7":{"line":122,"type":"if","locations":[{"start":{"line":122,"column":2},"end":{"line":122,"column":2}},{"start":{"line":122,"column":2},"end":{"line":122,"column":2}}]},"8":{"line":126,"type":"if","locations":[{"start":{"line":126,"column":2},"end":{"line":126,"column":2}},{"start":{"line":126,"column":2},"end":{"line":126,"column":2}}]},"9":{"line":130,"type":"if","locations":[{"start":{"line":130,"column":4},"end":{"line":130,"column":4}},{"start":{"line":130,"column":4},"end":{"line":130,"column":4}}]},"10":{"line":130,"type":"binary-expr","locations":[{"start":{"line":130,"column":8},"end":{"line":130,"column":15}},{"start":{"line":130,"column":19},"end":{"line":130,"column":26}}]},"11":{"line":131,"type":"switch","locations":[{"start":{"line":132,"column":8},"end":{"line":136,"column":14}},{"start":{"line":138,"column":8},"end":{"line":147,"column":14}},{"start":{"line":149,"column":8},"end":{"line":159,"column":14}},{"start":{"line":161,"column":8},"end":{"line":165,"column":14}}]},"12":{"line":133,"type":"cond-expr","locations":[{"start":{"line":134,"column":22},"end":{"line":134,"column":41}},{"start":{"line":135,"column":22},"end":{"line":135,"column":24}}]},"13":{"line":139,"type":"cond-expr","locations":[{"start":{"line":140,"column":22},"end":{"line":140,"column":42}},{"start":{"line":141,"column":23},"end":{"line":146,"column":28}}]},"14":{"line":141,"type":"cond-expr","locations":[{"start":{"line":142,"column":27},"end":{"line":145,"column":85}},{"start":{"line":146,"column":26},"end":{"line":146,"column":28}}]},"15":{"line":142,"type":"cond-expr","locations":[{"start":{"line":143,"column":30},"end":{"line":143,"column":65}},{"start":{"line":144,"column":30},"end":{"line":145,"column":85}}]},"16":{"line":156,"type":"cond-expr","locations":[{"start":{"line":157,"column":22},"end":{"line":157,"column":55}},{"start":{"line":158,"column":22},"end":{"line":158,"column":24}}]},"17":{"line":162,"type":"cond-expr","locations":[{"start":{"line":163,"column":22},"end":{"line":163,"column":40}},{"start":{"line":164,"column":22},"end":{"line":164,"column":24}}]},"18":{"line":170,"type":"if","locations":[{"start":{"line":170,"column":9},"end":{"line":170,"column":9}},{"start":{"line":170,"column":9},"end":{"line":170,"column":9}}]},"19":{"line":174,"type":"if","locations":[{"start":{"line":174,"column":9},"end":{"line":174,"column":9}},{"start":{"line":174,"column":9},"end":{"line":174,"column":9}}]},"20":{"line":207,"type":"cond-expr","locations":[{"start":{"line":207,"column":29},"end":{"line":207,"column":39}},{"start":{"line":207,"column":42},"end":{"line":207,"column":46}}]},"21":{"line":209,"type":"if","locations":[{"start":{"line":209,"column":2},"end":{"line":209,"column":2}},{"start":{"line":209,"column":2},"end":{"line":209,"column":2}}]},"22":{"line":219,"type":"if","locations":[{"start":{"line":219,"column":4},"end":{"line":219,"column":4}},{"start":{"line":219,"column":4},"end":{"line":219,"column":4}}]},"23":{"line":224,"type":"if","locations":[{"start":{"line":224,"column":4},"end":{"line":224,"column":4}},{"start":{"line":224,"column":4},"end":{"line":224,"column":4}}]},"24":{"line":230,"type":"if","locations":[{"start":{"line":230,"column":9},"end":{"line":230,"column":9}},{"start":{"line":230,"column":9},"end":{"line":230,"column":9}}]},"25":{"line":236,"type":"if","locations":[{"start":{"line":236,"column":9},"end":{"line":236,"column":9}},{"start":{"line":236,"column":9},"end":{"line":236,"column":9}}]},"26":{"line":246,"type":"if","locations":[{"start":{"line":246,"column":9},"end":{"line":246,"column":9}},{"start":{"line":246,"column":9},"end":{"line":246,"column":9}}]},"27":{"line":248,"type":"if","locations":[{"start":{"line":248,"column":6},"end":{"line":248,"column":6}},{"start":{"line":248,"column":6},"end":{"line":248,"column":6}}]},"28":{"line":255,"type":"if","locations":[{"start":{"line":255,"column":11},"end":{"line":255,"column":11}},{"start":{"line":255,"column":11},"end":{"line":255,"column":11}}]},"29":{"line":264,"type":"if","locations":[{"start":{"line":264,"column":9},"end":{"line":264,"column":9}},{"start":{"line":264,"column":9},"end":{"line":264,"column":9}}]},"30":{"line":271,"type":"binary-expr","locations":[{"start":{"line":271,"column":26},"end":{"line":271,"column":47}},{"start":{"line":271,"column":51},"end":{"line":271,"column":58}}]},"31":{"line":293,"type":"binary-expr","locations":[{"start":{"line":293,"column":13},"end":{"line":293,"column":21}},{"start":{"line":293,"column":25},"end":{"line":293,"column":37}}]},"32":{"line":297,"type":"if","locations":[{"start":{"line":297,"column":2},"end":{"line":297,"column":2}},{"start":{"line":297,"column":2},"end":{"line":297,"column":2}}]},"33":{"line":311,"type":"cond-expr","locations":[{"start":{"line":311,"column":19},"end":{"line":311,"column":24}},{"start":{"line":311,"column":27},"end":{"line":311,"column":31}}]}},"code":["/*!","* calen","* Copyright(c) 2011 Damian Suarez <rdsuarez@gmail.com>","* MIT Licensed","*/","","/**"," * Module dependecies"," */","","var Util = require('./util');","","/**"," * Alias"," */","","var _str = Util.string","  , _date = Util.date;","","/**"," * freqquency names map"," */","","var freqNamesMap = {","        YEARLY: 'year'","      , MONTHLY: 'month'","      , WEEKLY: 'week'","      , DAILY: 'day'","    };","","/**"," * days map from RFC2445 protocol to recurrence structure"," */","","var daysMapRFC2445toRec = {","      SU: 'su'","    , MO: 'm'","    , TU: 't'","    , WE: 'w'","    , TH: 'th'","    , FR: 'f'","    , SA: 'sa'","  };","","/**"," * days map from recurrence structure to RFC2445 protocol"," */","","var daysMapRecToRFC2445 = {","      su: 'SU'","    , m: 'MO'","    , t: 'TU'","    , w: 'WE'","    , th: 'TH'","    , f: 'FR'","    , sa: 'SA'","  };","","/**"," * days names"," */","","var dayNames = ['su', 'm', 't', 'w', 'th', 'f', 'sa'];","","/**"," * RFC2445 usefull functions"," */","","var RFC2445 = module.exports = {};","","/**"," * generate functions *"," */","","/**"," * genRecurrenceString"," * generates a RFC2445 recurrence string passing an Event Object"," *"," * @param {Object} ev: Event Object"," *"," * return {String} RFC2445 recurrence string"," */","","RFC2445.genRecurrenceString = function (ev, opts) {","  if (!ev.frequency) return '';","","  opts = opts  || {};","","  var options = {","          start: ev.start","        , end: ev.end","        , timezone: 'GMT'","      };","","  for (var k in options)","    options[k] = opts[k] || options[k];","","  var tz = options.timezone;","","  // period: DTSTART, DTEND","  var rules = [","          'DTSTART' + (ev.allDay","                          ? ';' + _str.value(options.start)","                          : ';' + _str.dateTZID(options.start, tz))","        , 'DTEND' + (ev.allDay","                          ? ';' + _str.value(options.end, false, ev.allDay)","                          : ';' + _str.dateTZID(options.end, tz))","      ];","","  // RRULE - frequency value","  var rrule = ''","    , steps = ['freq', 'repeat', 'end-by', 'interval']","    , endBy = ''","    , interval = '';","","  // end-by type","","  // COUNT","  if (ev.recurrence['end-by'].type == 'after')","    endBy = ';COUNT=' + ev.recurrence['end-by'].after;","  // ON","  if (ev.recurrence['end-by'].type == 'on')","    endBy = ';UNTIL=' + _str.value(ev.recurrence['end-by'].on, true, true);","","  // INTERVAL","  if (ev.recurrence.every != 1)","    interval = ';INTERVAL=' + ev.recurrence.every;","","  for (var st = 0; st < steps.length; st++) {","    if (st == 0 || st == 2) {","      switch (ev.frequency) {","        case 'year':","          rrule += st == 0","                    ? 'RRULE:FREQ=YEARLY'","                    : '';","        break;","","        case 'month':","          rrule += st == 0","                    ? 'RRULE:FREQ=MONTHLY'","                    : (st == 2","                        ? (ev.recurrence['repeat-on'].mode == 'day-of-month'","                            ? ';BYMONTHDAY=' + ev.start.getDate()","                            : ';BYDAY=' + (_date.getWeekOfDay(ev.start) + 1)","                              + daysMapRecToRFC2445[dayNames[options.start.getDay()]])","                        : '');","        break;","","        case 'week':","          var days = '';","          for (var l in ev.recurrence['repeat-on'])","            days += daysMapRecToRFC2445[l] + ','","","          days = days.substring(0, days.length - 1);","","          rrule += st == 0","                    ? 'RRULE:FREQ=WEEKLY;BYDAY=' + days","                    : '';","        break;","","        case 'day':","          rrule += st == 0","                    ? 'RRULE:FREQ=DAILY'","                    : '';","        break;","      };","    }","","    // add end-by","    else if (st == 1)","      rrule += endBy;","","    // add end-by","    else if (st == 3)","      rrule += interval;","","  };","","  rules.push(rrule);","","  return rules.join(\"\\r\\n\");","}","","/**"," * getting functions"," */","","/**"," * getRecurrenceObj() method."," * return a recurrence object of LearnBoost event passing RFC2445 string"," *"," * @param {string} str: RFC2445 recurrence string"," * return {Object} recurrence LearnBoost object"," */","","RFC2445.getRecurrenceObj = function (str) {","  // debug: RFC2445 \\x1B[0;33m%s\\x1B[0m string to recurrence object, str","  var recRule = str.match(/RRULE(.+)/)","    , recObj = {","          every: 1","        , 'end-by': {}","        , exceptions: []","        , 'repeat-on': {}","      }","    , _freq = '';","","  recRule = recRule.length ? recRule[0] : null;","","  if (!recRule) return null;","","  // debug: recurrence rule \\x1B[0;33m%s\\x1B[0m, recRule","  var recPrpsRule = recRule.split(';');","","  for (var k = 0; k < recPrpsRule.length; k++) {","    var prp = recPrpsRule[k].split('=');","    // debug: recurrence property [%s]: \\x1B[0;33m%s: %j\\x1B[0m, k, prp[0], prp[1]","","    // recurrence type","    if (prp[0] == 'RRULE:FREQ') {","      _freq = prp[1];","    }","","    // INTERVAL/repeat","    if (prp[0] == 'INTERVAL') {","      recObj.every = prp[1];","    }","","    // end-by properties","    // AFTER mode","    else if (prp[0] == 'COUNT') {","      recObj['end-by'].type = 'after';","      recObj['end-by'].after = prp[1];","    }","","    // UNTIL/on mode","    else if (prp[0] == 'UNTIL') {","      recObj['end-by'].type = 'on';","      var data = _date.parseFromWeirdISOFormat(prp[1]);","      recObj['end-by'].on = new Date(data);","      ","    }","","    // BYDAY/repeat-on. Used for:","    // - weekly mode","    // - monthly mode - day on week","    else if (prp[0] == 'BYDAY') {","","      if (_freq == 'WEEKLY') {","        var days = prp[1].split(',');","        for (var l = 0; l < days.length; l++) {","          var key = daysMapRFC2445toRec[days[l]];","          recObj['repeat-on'][key] = 'on';","        };","      }","      else if (_freq == 'MONTHLY') {","        // for monthly trecurrence type simply defines mode","        recObj['repeat-on'].mode = 'day-of-week';","        ","      }","    }","","    // BYMONTHDAY/repeat-on. Used for:","    // - monthly mode","    else if (prp[0] == 'BYMONTHDAY')","      recObj['repeat-on'].mode = 'day-of-month';","","  };","","  // setting default options","  // end-by type","  recObj['end-by'].type = recObj['end-by'].type || 'never';","","  return recObj;","};","","/**"," * getFrequency"," * retrieve frequency property from google RFC2445 recurrence string"," *"," * @param {string} str"," * @param {Object} frequency names map"," *    {"," *        YEARLY: 'year'"," *      , MONTH:  'month'"," *      , WEEKLY: 'week'"," *      , DAILY': 'day'"," *    }"," */","","RFC2445.getFrequency = function (str, namesMap) {","  // debug: get frequency property from RFC2445 \\x1B[0;33m%s\\x1B[0m, str","  // frequency names map","  namesMap = namesMap || freqNamesMap;"," ","  var frequency = str.match(/FREQ=([A-Z]+)/);","","  if (frequency)","    return namesMap[frequency[1]];","  return null;","};","","/**"," * retrieve all-day property from RFC2445 recurrence string"," */","","RFC2445.getAllday = function (str) {","  // debug: get all-day property from RFC2445 \\x1B[0;33m%s\\x1B[0m, str","  // deduces 'all-day' property through the DTSTART format property","  var dtstart = str.match(/(^DTSTART;([^ ]+))(:\\w+)(T)/);","","  return dtstart ? false : true;","};",""],"l":{"11":1,"17":1,"24":1,"35":1,"49":1,"63":1,"69":1,"84":1,"85":0,"87":0,"89":0,"95":0,"96":0,"98":0,"101":0,"111":0,"119":0,"120":0,"122":0,"123":0,"126":0,"127":0,"129":0,"130":0,"131":0,"133":0,"136":0,"139":0,"147":0,"150":0,"151":0,"152":0,"154":0,"156":0,"159":0,"162":0,"165":0,"170":0,"171":0,"174":0,"175":0,"179":0,"181":0,"196":1,"198":0,"207":0,"209":0,"212":0,"214":0,"215":0,"219":0,"220":0,"224":0,"225":0,"230":0,"231":0,"232":0,"236":0,"237":0,"238":0,"239":0,"246":0,"248":0,"249":0,"250":0,"251":0,"252":0,"255":0,"257":0,"264":0,"265":0,"271":0,"273":0,"290":1,"293":0,"295":0,"297":0,"298":0,"299":0,"306":1,"309":0,"311":0}}}